/!\ FAILSAFE /!\  Mon Oct 12 14:43:45 -0600 2015
  Status: 500 Internal Server Error
  no such file to load -- mysql/mysql_api
    C:/Ruby187/lib/ruby/site_ruby/1.8/rubygems/custom_require.rb:36:in `gem_original_require'
    C:/Ruby187/lib/ruby/site_ruby/1.8/rubygems/custom_require.rb:36:in `require'
    C:/Ruby187/lib/ruby/gems/1.8/gems/activesupport-2.3.15/lib/active_support/dependencies.rb:182:in `require'
    C:/Ruby187/lib/ruby/gems/1.8/gems/activesupport-2.3.15/lib/active_support/dependencies.rb:547:in `new_constants_in'
    C:/Ruby187/lib/ruby/gems/1.8/gems/activesupport-2.3.15/lib/active_support/dependencies.rb:182:in `require'
    C:/Ruby187/lib/ruby/gems/1.8/gems/mysql-2.9.1-x86-mingw32/lib/mysql.rb:6
    C:/Ruby187/lib/ruby/site_ruby/1.8/rubygems/custom_require.rb:60:in `gem_original_require'
    C:/Ruby187/lib/ruby/site_ruby/1.8/rubygems/custom_require.rb:60:in `require'
    C:/Ruby187/lib/ruby/gems/1.8/gems/activesupport-2.3.15/lib/active_support/dependencies.rb:182:in `require'
    C:/Ruby187/lib/ruby/gems/1.8/gems/activesupport-2.3.15/lib/active_support/dependencies.rb:547:in `new_constants_in'
    C:/Ruby187/lib/ruby/gems/1.8/gems/activesupport-2.3.15/lib/active_support/dependencies.rb:182:in `require'
    C:/Ruby187/lib/ruby/gems/1.8/gems/activesupport-2.3.15/lib/active_support/core_ext/kernel/requires.rb:7:in `require_library_or_gem'
    C:/Ruby187/lib/ruby/gems/1.8/gems/activesupport-2.3.15/lib/active_support/core_ext/kernel/reporting.rb:11:in `silence_warnings'
    C:/Ruby187/lib/ruby/gems/1.8/gems/activesupport-2.3.15/lib/active_support/core_ext/kernel/requires.rb:5:in `require_library_or_gem'
    C:/Ruby187/lib/ruby/gems/1.8/gems/activerecord-2.3.15/lib/active_record/connection_adapters/mysql_adapter.rb:61:in `mysql_connection'
    C:/Ruby187/lib/ruby/gems/1.8/gems/activerecord-2.3.15/lib/active_record/connection_adapters/abstract/connection_pool.rb:223:in `send'
    C:/Ruby187/lib/ruby/gems/1.8/gems/activerecord-2.3.15/lib/active_record/connection_adapters/abstract/connection_pool.rb:223:in `new_connection'
    C:/Ruby187/lib/ruby/gems/1.8/gems/activerecord-2.3.15/lib/active_record/connection_adapters/abstract/connection_pool.rb:245:in `checkout_new_connection'
    C:/Ruby187/lib/ruby/gems/1.8/gems/activerecord-2.3.15/lib/active_record/connection_adapters/abstract/connection_pool.rb:188:in `checkout'
    C:/Ruby187/lib/ruby/gems/1.8/gems/activerecord-2.3.15/lib/active_record/connection_adapters/abstract/connection_pool.rb:184:in `loop'
    C:/Ruby187/lib/ruby/gems/1.8/gems/activerecord-2.3.15/lib/active_record/connection_adapters/abstract/connection_pool.rb:184:in `checkout'
    C:/Ruby187/lib/ruby/1.8/monitor.rb:242:in `synchronize'
    C:/Ruby187/lib/ruby/gems/1.8/gems/activerecord-2.3.15/lib/active_record/connection_adapters/abstract/connection_pool.rb:183:in `checkout'
    C:/Ruby187/lib/ruby/gems/1.8/gems/activerecord-2.3.15/lib/active_record/connection_adapters/abstract/connection_pool.rb:98:in `connection'
    C:/Ruby187/lib/ruby/gems/1.8/gems/activerecord-2.3.15/lib/active_record/connection_adapters/abstract/connection_pool.rb:326:in `retrieve_connection'
    C:/Ruby187/lib/ruby/gems/1.8/gems/activerecord-2.3.15/lib/active_record/connection_adapters/abstract/connection_specification.rb:123:in `retrieve_connection'
    C:/Ruby187/lib/ruby/gems/1.8/gems/activerecord-2.3.15/lib/active_record/connection_adapters/abstract/connection_specification.rb:115:in `connection'
    C:/Ruby187/lib/ruby/gems/1.8/gems/activerecord-2.3.15/lib/active_record/query_cache.rb:9:in `cache'
    C:/Ruby187/lib/ruby/gems/1.8/gems/activerecord-2.3.15/lib/active_record/query_cache.rb:28:in `call'
    C:/Ruby187/lib/ruby/gems/1.8/gems/activerecord-2.3.15/lib/active_record/connection_adapters/abstract/connection_pool.rb:361:in `call'
    C:/Ruby187/lib/ruby/gems/1.8/gems/actionpack-2.3.15/lib/action_controller/string_coercion.rb:25:in `call'
    C:/Ruby187/lib/ruby/gems/1.8/gems/rack-1.1.6/lib/rack/head.rb:9:in `call'
    C:/Ruby187/lib/ruby/gems/1.8/gems/rack-1.1.6/lib/rack/methodoverride.rb:24:in `call'
    C:/Ruby187/lib/ruby/gems/1.8/gems/actionpack-2.3.15/lib/action_controller/params_parser.rb:15:in `call'
    C:/Ruby187/lib/ruby/gems/1.8/gems/actionpack-2.3.15/lib/action_controller/session/cookie_store.rb:99:in `call'
    C:/Ruby187/lib/ruby/gems/1.8/gems/actionpack-2.3.15/lib/action_controller/failsafe.rb:26:in `call'
    C:/Ruby187/lib/ruby/gems/1.8/gems/rack-1.1.6/lib/rack/lock.rb:11:in `call'
    C:/Ruby187/lib/ruby/gems/1.8/gems/rack-1.1.6/lib/rack/lock.rb:11:in `synchronize'
    C:/Ruby187/lib/ruby/gems/1.8/gems/rack-1.1.6/lib/rack/lock.rb:11:in `call'
    C:/Ruby187/lib/ruby/gems/1.8/gems/actionpack-2.3.15/lib/action_controller/dispatcher.rb:114:in `call'
    C:/Ruby187/lib/ruby/gems/1.8/gems/actionpack-2.3.15/lib/action_controller/reloader.rb:34:in `run'
    C:/Ruby187/lib/ruby/gems/1.8/gems/actionpack-2.3.15/lib/action_controller/dispatcher.rb:108:in `call'
    C:/Ruby187/lib/ruby/gems/1.8/gems/rails-2.3.15/lib/rails/rack/static.rb:31:in `call'
    C:/Ruby187/lib/ruby/gems/1.8/gems/rack-1.1.6/lib/rack/urlmap.rb:47:in `call'
    C:/Ruby187/lib/ruby/gems/1.8/gems/rack-1.1.6/lib/rack/urlmap.rb:41:in `each'
    C:/Ruby187/lib/ruby/gems/1.8/gems/rack-1.1.6/lib/rack/urlmap.rb:41:in `call'
    C:/Ruby187/lib/ruby/gems/1.8/gems/rails-2.3.15/lib/rails/rack/log_tailer.rb:17:in `call'
    C:/Ruby187/lib/ruby/gems/1.8/gems/rack-1.1.6/lib/rack/content_length.rb:13:in `call'
    C:/Ruby187/lib/ruby/gems/1.8/gems/rack-1.1.6/lib/rack/handler/webrick.rb:48:in `service'
    C:/Ruby187/lib/ruby/1.8/webrick/httpserver.rb:104:in `service'
    C:/Ruby187/lib/ruby/1.8/webrick/httpserver.rb:65:in `run'
    C:/Ruby187/lib/ruby/1.8/webrick/server.rb:173:in `start_thread'
    C:/Ruby187/lib/ruby/1.8/webrick/server.rb:162:in `start'
    C:/Ruby187/lib/ruby/1.8/webrick/server.rb:162:in `start_thread'
    C:/Ruby187/lib/ruby/1.8/webrick/server.rb:95:in `start'
    C:/Ruby187/lib/ruby/1.8/webrick/server.rb:92:in `each'
    C:/Ruby187/lib/ruby/1.8/webrick/server.rb:92:in `start'
    C:/Ruby187/lib/ruby/1.8/webrick/server.rb:23:in `start'
    C:/Ruby187/lib/ruby/1.8/webrick/server.rb:82:in `start'
    C:/Ruby187/lib/ruby/gems/1.8/gems/rack-1.1.6/lib/rack/handler/webrick.rb:14:in `run'
    C:/Ruby187/lib/ruby/gems/1.8/gems/rails-2.3.15/lib/commands/server.rb:111
    C:/Ruby187/lib/ruby/site_ruby/1.8/rubygems/custom_require.rb:36:in `gem_original_require'
    C:/Ruby187/lib/ruby/site_ruby/1.8/rubygems/custom_require.rb:36:in `require'
    server:3
  [4;36;1mSQL (1.0ms)[0m   [0;1mSET NAMES 'utf8'[0m
  [4;35;1mSQL (1.0ms)[0m   [0mSET SQL_AUTO_IS_NULL=0[0m
  [4;36;1mSQL (1.3ms)[0m   [0;1mSHOW TABLES[0m
  [4;35;1mSQL (1.0ms)[0m   [0mSHOW TABLES[0m
  [4;36;1mSQL (13.0ms)[0m   [0;1mSELECT version FROM schema_migrations[0m
  [4;35;1mSQL (0.2ms)[0m   [0mSHOW TABLES[0m
  [4;36;1mSQL (1.3ms)[0m   [0;1mSHOW FIELDS FROM `adscripcions`[0m
  [4;35;1mSQL (1.5ms)[0m   [0mdescribe `adscripcions`[0m
  [4;36;1mSQL (8.4ms)[0m   [0;1mSHOW KEYS FROM `adscripcions`[0m
  [4;35;1mSQL (1.1ms)[0m   [0mSHOW FIELDS FROM `municipios`[0m
  [4;36;1mSQL (1.0ms)[0m   [0;1mdescribe `municipios`[0m
  [4;35;1mSQL (2.0ms)[0m   [0mSHOW KEYS FROM `municipios`[0m
  [4;36;1mSQL (1.0ms)[0m   [0;1mSHOW FIELDS FROM `personas`[0m
  [4;35;1mSQL (1.0ms)[0m   [0mdescribe `personas`[0m
  [4;36;1mSQL (1.0ms)[0m   [0;1mSHOW KEYS FROM `personas`[0m
  [4;36;1mSQL (1.0ms)[0m   [0;1mSET NAMES 'utf8'[0m
  [4;35;1mSQL (1.7ms)[0m   [0mSET SQL_AUTO_IS_NULL=0[0m
  [4;36;1mSQL (0.0ms)[0m   [0;1mSHOW TABLES[0m
  [4;35;1mSQL (1.1ms)[0m   [0mSHOW TABLES[0m
  [4;36;1mSQL (1.0ms)[0m   [0;1mSELECT version FROM schema_migrations[0m
  [4;35;1mSQL (1.0ms)[0m   [0mSHOW TABLES[0m
  [4;36;1mSQL (0.9ms)[0m   [0;1mSHOW FIELDS FROM `adscripcions`[0m
  [4;35;1mSQL (1.0ms)[0m   [0mdescribe `adscripcions`[0m
  [4;36;1mSQL (2.0ms)[0m   [0;1mSHOW KEYS FROM `adscripcions`[0m
  [4;35;1mSQL (1.0ms)[0m   [0mSHOW FIELDS FROM `municipios`[0m
  [4;36;1mSQL (0.0ms)[0m   [0;1mdescribe `municipios`[0m
  [4;35;1mSQL (0.6ms)[0m   [0mSHOW KEYS FROM `municipios`[0m
  [4;36;1mSQL (1.1ms)[0m   [0;1mSHOW FIELDS FROM `personas`[0m
  [4;35;1mSQL (1.0ms)[0m   [0mdescribe `personas`[0m
  [4;36;1mSQL (1.0ms)[0m   [0;1mSHOW KEYS FROM `personas`[0m
  [4;36;1mSQL (1.0ms)[0m   [0;1mSET NAMES 'utf8'[0m
  [4;35;1mSQL (2.0ms)[0m   [0mSET SQL_AUTO_IS_NULL=0[0m
  [4;36;1mSQL (1.0ms)[0m   [0;1mSHOW TABLES[0m
  [4;35;1mSQL (1.0ms)[0m   [0mSHOW TABLES[0m
  [4;36;1mSQL (0.0ms)[0m   [0;1mSELECT version FROM schema_migrations[0m
  [4;35;1mSQL (0.0ms)[0m   [0mSHOW TABLES[0m
  [4;36;1mSQL (2.3ms)[0m   [0;1mSHOW FIELDS FROM `adscripcions`[0m
  [4;35;1mSQL (1.6ms)[0m   [0mdescribe `adscripcions`[0m
  [4;36;1mSQL (1.1ms)[0m   [0;1mSHOW KEYS FROM `adscripcions`[0m
  [4;35;1mSQL (2.0ms)[0m   [0mSHOW FIELDS FROM `municipios`[0m
  [4;36;1mSQL (1.0ms)[0m   [0;1mdescribe `municipios`[0m
  [4;35;1mSQL (0.0ms)[0m   [0mSHOW KEYS FROM `municipios`[0m
  [4;36;1mSQL (1.5ms)[0m   [0;1mSHOW FIELDS FROM `personas`[0m
  [4;35;1mSQL (1.0ms)[0m   [0mdescribe `personas`[0m
  [4;36;1mSQL (0.4ms)[0m   [0;1mSHOW KEYS FROM `personas`[0m
  [4;36;1mSQL (0.0ms)[0m   [0;1mSET NAMES 'utf8'[0m
  [4;35;1mSQL (1.0ms)[0m   [0mSET SQL_AUTO_IS_NULL=0[0m


Processing ApplicationController#index (for 127.0.0.1 at 2015-10-12 15:07:06) [GET]

ActionController::RoutingError (No route matches "/persona" with {:method=>:get}):
  C:/Ruby187/lib/ruby/1.8/webrick/httpserver.rb:104:in `service'
  C:/Ruby187/lib/ruby/1.8/webrick/httpserver.rb:65:in `run'
  C:/Ruby187/lib/ruby/1.8/webrick/server.rb:173:in `start_thread'
  C:/Ruby187/lib/ruby/1.8/webrick/server.rb:162:in `start'
  C:/Ruby187/lib/ruby/1.8/webrick/server.rb:162:in `start_thread'
  C:/Ruby187/lib/ruby/1.8/webrick/server.rb:95:in `start'
  C:/Ruby187/lib/ruby/1.8/webrick/server.rb:92:in `each'
  C:/Ruby187/lib/ruby/1.8/webrick/server.rb:92:in `start'
  C:/Ruby187/lib/ruby/1.8/webrick/server.rb:23:in `start'
  C:/Ruby187/lib/ruby/1.8/webrick/server.rb:82:in `start'

Rendering rescues/layout (not_found)
  [4;36;1mSQL (2.0ms)[0m   [0;1mSET NAMES 'utf8'[0m
  [4;35;1mSQL (1.0ms)[0m   [0mSET SQL_AUTO_IS_NULL=0[0m


Processing ApplicationController#index (for 127.0.0.1 at 2015-10-12 15:09:59) [GET]

ActionController::RoutingError (No route matches "/persona" with {:method=>:get}):
  C:/Ruby187/lib/ruby/1.8/webrick/httpserver.rb:104:in `service'
  C:/Ruby187/lib/ruby/1.8/webrick/httpserver.rb:65:in `run'
  C:/Ruby187/lib/ruby/1.8/webrick/server.rb:173:in `start_thread'
  C:/Ruby187/lib/ruby/1.8/webrick/server.rb:162:in `start'
  C:/Ruby187/lib/ruby/1.8/webrick/server.rb:162:in `start_thread'
  C:/Ruby187/lib/ruby/1.8/webrick/server.rb:95:in `start'
  C:/Ruby187/lib/ruby/1.8/webrick/server.rb:92:in `each'
  C:/Ruby187/lib/ruby/1.8/webrick/server.rb:92:in `start'
  C:/Ruby187/lib/ruby/1.8/webrick/server.rb:23:in `start'
  C:/Ruby187/lib/ruby/1.8/webrick/server.rb:82:in `start'

Rendering rescues/layout (not_found)
  [4;36;1mSQL (0.0ms)[0m   [0;1mSET NAMES 'utf8'[0m
  [4;35;1mSQL (1.0ms)[0m   [0mSET SQL_AUTO_IS_NULL=0[0m


Processing ApplicationController#index (for 127.0.0.1 at 2015-10-12 15:11:52) [GET]

ActionController::RoutingError (No route matches "/persona" with {:method=>:get}):
  C:/Ruby187/lib/ruby/1.8/webrick/httpserver.rb:104:in `service'
  C:/Ruby187/lib/ruby/1.8/webrick/httpserver.rb:65:in `run'
  C:/Ruby187/lib/ruby/1.8/webrick/server.rb:173:in `start_thread'
  C:/Ruby187/lib/ruby/1.8/webrick/server.rb:162:in `start'
  C:/Ruby187/lib/ruby/1.8/webrick/server.rb:162:in `start_thread'
  C:/Ruby187/lib/ruby/1.8/webrick/server.rb:95:in `start'
  C:/Ruby187/lib/ruby/1.8/webrick/server.rb:92:in `each'
  C:/Ruby187/lib/ruby/1.8/webrick/server.rb:92:in `start'
  C:/Ruby187/lib/ruby/1.8/webrick/server.rb:23:in `start'
  C:/Ruby187/lib/ruby/1.8/webrick/server.rb:82:in `start'

Rendering rescues/layout (not_found)
  [4;36;1mSQL (1.4ms)[0m   [0;1mSET NAMES 'utf8'[0m
  [4;35;1mSQL (0.0ms)[0m   [0mSET SQL_AUTO_IS_NULL=0[0m


Processing ApplicationController#index (for 127.0.0.1 at 2015-10-12 15:12:07) [GET]

ActionController::RoutingError (No route matches "/persona" with {:method=>:get}):
  C:/Ruby187/lib/ruby/1.8/webrick/httpserver.rb:104:in `service'
  C:/Ruby187/lib/ruby/1.8/webrick/httpserver.rb:65:in `run'
  C:/Ruby187/lib/ruby/1.8/webrick/server.rb:173:in `start_thread'
  C:/Ruby187/lib/ruby/1.8/webrick/server.rb:162:in `start'
  C:/Ruby187/lib/ruby/1.8/webrick/server.rb:162:in `start_thread'
  C:/Ruby187/lib/ruby/1.8/webrick/server.rb:95:in `start'
  C:/Ruby187/lib/ruby/1.8/webrick/server.rb:92:in `each'
  C:/Ruby187/lib/ruby/1.8/webrick/server.rb:92:in `start'
  C:/Ruby187/lib/ruby/1.8/webrick/server.rb:23:in `start'
  C:/Ruby187/lib/ruby/1.8/webrick/server.rb:82:in `start'

Rendering rescues/layout (not_found)
  [4;36;1mSQL (1.0ms)[0m   [0;1mSET NAMES 'utf8'[0m
  [4;35;1mSQL (1.0ms)[0m   [0mSET SQL_AUTO_IS_NULL=0[0m


Processing Rails::InfoController#properties (for 127.0.0.1 at 2015-10-12 15:12:14) [GET]
  [4;36;1mSQL (1.6ms)[0m   [0;1mSHOW TABLES[0m
  [4;35;1mSQL (1.0ms)[0m   [0mSELECT version FROM schema_migrations[0m
Completed in 48ms (View: 4, DB: 5) | 200 OK [http://localhost/rails/info/properties]
  [4;36;1mSQL (0.5ms)[0m   [0;1mSET NAMES 'utf8'[0m
  [4;35;1mSQL (0.6ms)[0m   [0mSET SQL_AUTO_IS_NULL=0[0m


Processing ApplicationController#index (for 127.0.0.1 at 2015-10-12 15:12:37) [GET]

ActionController::RoutingError (No route matches "/routes" with {:method=>:get}):
  C:/Ruby187/lib/ruby/1.8/webrick/httpserver.rb:104:in `service'
  C:/Ruby187/lib/ruby/1.8/webrick/httpserver.rb:65:in `run'
  C:/Ruby187/lib/ruby/1.8/webrick/server.rb:173:in `start_thread'
  C:/Ruby187/lib/ruby/1.8/webrick/server.rb:162:in `start'
  C:/Ruby187/lib/ruby/1.8/webrick/server.rb:162:in `start_thread'
  C:/Ruby187/lib/ruby/1.8/webrick/server.rb:95:in `start'
  C:/Ruby187/lib/ruby/1.8/webrick/server.rb:92:in `each'
  C:/Ruby187/lib/ruby/1.8/webrick/server.rb:92:in `start'
  C:/Ruby187/lib/ruby/1.8/webrick/server.rb:23:in `start'
  C:/Ruby187/lib/ruby/1.8/webrick/server.rb:82:in `start'

Rendering rescues/layout (not_found)
  [4;36;1mSQL (2.0ms)[0m   [0;1mSET NAMES 'utf8'[0m
  [4;35;1mSQL (2.0ms)[0m   [0mSET SQL_AUTO_IS_NULL=0[0m
  [4;36;1mSQL (0.0ms)[0m   [0;1mSHOW TABLES[0m
  [4;35;1mSQL (1.0ms)[0m   [0mSHOW TABLES[0m
  [4;36;1mSQL (1.2ms)[0m   [0;1mSELECT version FROM schema_migrations[0m
  [4;35;1mSQL (0.0ms)[0m   [0mSHOW TABLES[0m
  [4;36;1mSQL (23.6ms)[0m   [0;1mSHOW FIELDS FROM `adscripcions`[0m
  [4;35;1mSQL (1.0ms)[0m   [0mdescribe `adscripcions`[0m
  [4;36;1mSQL (1.0ms)[0m   [0;1mSHOW KEYS FROM `adscripcions`[0m
  [4;35;1mSQL (1.1ms)[0m   [0mSHOW FIELDS FROM `municipios`[0m
  [4;36;1mSQL (0.6ms)[0m   [0;1mdescribe `municipios`[0m
  [4;35;1mSQL (0.0ms)[0m   [0mSHOW KEYS FROM `municipios`[0m
  [4;36;1mSQL (2.3ms)[0m   [0;1mSHOW FIELDS FROM `personas`[0m
  [4;35;1mSQL (1.0ms)[0m   [0mdescribe `personas`[0m
  [4;36;1mSQL (1.0ms)[0m   [0;1mSHOW KEYS FROM `personas`[0m
  [4;36;1mSQL (1.0ms)[0m   [0;1mSET NAMES 'utf8'[0m
  [4;35;1mSQL (0.5ms)[0m   [0mSET SQL_AUTO_IS_NULL=0[0m
  [4;36;1mSQL (0.5ms)[0m   [0;1mSHOW TABLES[0m
  [4;35;1mSQL (1.0ms)[0m   [0mSHOW TABLES[0m
  [4;36;1mSQL (0.5ms)[0m   [0;1mSELECT version FROM schema_migrations[0m
  [4;35;1mSQL (0.5ms)[0m   [0mSHOW TABLES[0m
  [4;36;1mSQL (1.0ms)[0m   [0;1mSHOW FIELDS FROM `adscripcions`[0m
  [4;35;1mSQL (1.0ms)[0m   [0mdescribe `adscripcions`[0m
  [4;36;1mSQL (0.5ms)[0m   [0;1mSHOW KEYS FROM `adscripcions`[0m
  [4;35;1mSQL (1.2ms)[0m   [0mSHOW FIELDS FROM `municipios`[0m
  [4;36;1mSQL (0.5ms)[0m   [0;1mdescribe `municipios`[0m
  [4;35;1mSQL (1.0ms)[0m   [0mSHOW KEYS FROM `municipios`[0m
  [4;36;1mSQL (1.5ms)[0m   [0;1mSHOW FIELDS FROM `personas`[0m
  [4;35;1mSQL (1.3ms)[0m   [0mdescribe `personas`[0m
  [4;36;1mSQL (1.2ms)[0m   [0;1mSHOW KEYS FROM `personas`[0m
  [4;36;1mSQL (0.7ms)[0m   [0;1mSET NAMES 'utf8'[0m
  [4;35;1mSQL (1.0ms)[0m   [0mSET SQL_AUTO_IS_NULL=0[0m


Processing PersonasController#index (for 127.0.0.1 at 2015-10-12 15:53:33) [GET]
  [4;36;1mPersona Load (1.0ms)[0m   [0;1mSELECT * FROM `personas` [0m
Rendering personas/index
  [4;35;1mPersona Columns (1.0ms)[0m   [0mSHOW FIELDS FROM `personas`[0m

ActionView::TemplateError (undefined method `persona_path' for #<ActionView::Base:0xb4f68e8>) on line #33 of app/views/personas/index.html.erb:
30:     <td><%=h persona.direccion_casa %></td>
31:     <td><%=h persona.direccion_trabajo %></td>
32:     <td><%=h persona.fecha_nacimiento %></td>
33:     <td><%= link_to 'Show', persona %></td>
34:     <td><%= link_to 'Edit', edit_persona_path(persona) %></td>
35:     <td><%= link_to 'Destroy', persona, :confirm => 'Are you sure?', :method => :delete %></td>
36:   </tr>

    app/views/personas/index.html.erb:33
    app/views/personas/index.html.erb:20:in `each'
    app/views/personas/index.html.erb:20
    app/controllers/personas_controller.rb:7:in `index'
    C:/Ruby187/lib/ruby/1.8/webrick/httpserver.rb:104:in `service'
    C:/Ruby187/lib/ruby/1.8/webrick/httpserver.rb:65:in `run'
    C:/Ruby187/lib/ruby/1.8/webrick/server.rb:173:in `start_thread'
    C:/Ruby187/lib/ruby/1.8/webrick/server.rb:162:in `start'
    C:/Ruby187/lib/ruby/1.8/webrick/server.rb:162:in `start_thread'
    C:/Ruby187/lib/ruby/1.8/webrick/server.rb:95:in `start'
    C:/Ruby187/lib/ruby/1.8/webrick/server.rb:92:in `each'
    C:/Ruby187/lib/ruby/1.8/webrick/server.rb:92:in `start'
    C:/Ruby187/lib/ruby/1.8/webrick/server.rb:23:in `start'
    C:/Ruby187/lib/ruby/1.8/webrick/server.rb:82:in `start'

Rendered rescues/_trace (31.3ms)
Rendered rescues/_request_and_response (1.0ms)
Rendering rescues/layout (internal_server_error)
  [4;36;1mSQL (1.0ms)[0m   [0;1mSET NAMES 'utf8'[0m
  [4;35;1mSQL (0.9ms)[0m   [0mSET SQL_AUTO_IS_NULL=0[0m


Processing PersonasController#index (for 127.0.0.1 at 2015-10-12 16:05:56) [GET]

Errno::ECONNREFUSED (No se puede establecer una conexión ya que el equipo de destino denegó expresamente dicha conexión. - connect(2)):
  C:/Ruby187/lib/ruby/1.8/net/http.rb:560:in `initialize'
  C:/Ruby187/lib/ruby/1.8/net/http.rb:560:in `open'
  C:/Ruby187/lib/ruby/1.8/net/http.rb:560:in `connect'
  C:/Ruby187/lib/ruby/1.8/timeout.rb:53:in `timeout'
  C:/Ruby187/lib/ruby/1.8/timeout.rb:101:in `timeout'
  C:/Ruby187/lib/ruby/1.8/net/http.rb:560:in `connect'
  C:/Ruby187/lib/ruby/1.8/net/http.rb:553:in `do_start'
  C:/Ruby187/lib/ruby/1.8/net/http.rb:542:in `start'
  C:/Ruby187/lib/ruby/1.8/net/http.rb:1035:in `request'
  C:/Ruby187/lib/ruby/1.8/net/http.rb:772:in `get'
  app/controllers/personas_controller.rb:5:in `index'
  C:/Ruby187/lib/ruby/1.8/webrick/httpserver.rb:104:in `service'
  C:/Ruby187/lib/ruby/1.8/webrick/httpserver.rb:65:in `run'
  C:/Ruby187/lib/ruby/1.8/webrick/server.rb:173:in `start_thread'
  C:/Ruby187/lib/ruby/1.8/webrick/server.rb:162:in `start'
  C:/Ruby187/lib/ruby/1.8/webrick/server.rb:162:in `start_thread'
  C:/Ruby187/lib/ruby/1.8/webrick/server.rb:95:in `start'
  C:/Ruby187/lib/ruby/1.8/webrick/server.rb:92:in `each'
  C:/Ruby187/lib/ruby/1.8/webrick/server.rb:92:in `start'
  C:/Ruby187/lib/ruby/1.8/webrick/server.rb:23:in `start'
  C:/Ruby187/lib/ruby/1.8/webrick/server.rb:82:in `start'

Rendered rescues/_trace (50.0ms)
Rendered rescues/_request_and_response (0.0ms)
Rendering rescues/layout (internal_server_error)
  [4;36;1mSQL (1.0ms)[0m   [0;1mSET NAMES 'utf8'[0m
  [4;35;1mSQL (0.5ms)[0m   [0mSET SQL_AUTO_IS_NULL=0[0m


Processing PersonasController#index (for 127.0.0.1 at 2015-10-12 16:06:33) [GET]
Rendering personas/index

ActionView::TemplateError (undefined method `enlace' for #<Persona:0xfe60268>) on line #22 of app/views/personas/index.html.erb:
19: 
20: <% @personas.each do |persona| %>
21:   <tr>
22:     <td><%=h persona.enlace %></td>
23:     <td><%=h persona.nombre_completo %></td>
24:     <td><%=h persona.curp %></td>
25:     <td><%=h persona.rfc %></td>

    app/views/personas/index.html.erb:22
    app/views/personas/index.html.erb:20:in `each'
    app/views/personas/index.html.erb:20
    app/controllers/personas_controller.rb:7:in `index'
    C:/Ruby187/lib/ruby/1.8/webrick/httpserver.rb:104:in `service'
    C:/Ruby187/lib/ruby/1.8/webrick/httpserver.rb:65:in `run'
    C:/Ruby187/lib/ruby/1.8/webrick/server.rb:173:in `start_thread'
    C:/Ruby187/lib/ruby/1.8/webrick/server.rb:162:in `start'
    C:/Ruby187/lib/ruby/1.8/webrick/server.rb:162:in `start_thread'
    C:/Ruby187/lib/ruby/1.8/webrick/server.rb:95:in `start'
    C:/Ruby187/lib/ruby/1.8/webrick/server.rb:92:in `each'
    C:/Ruby187/lib/ruby/1.8/webrick/server.rb:92:in `start'
    C:/Ruby187/lib/ruby/1.8/webrick/server.rb:23:in `start'
    C:/Ruby187/lib/ruby/1.8/webrick/server.rb:82:in `start'

Rendered rescues/_trace (82.1ms)
Rendered rescues/_request_and_response (0.0ms)
Rendering rescues/layout (internal_server_error)
  [4;36;1mSQL (0.0ms)[0m   [0;1mSET NAMES 'utf8'[0m
  [4;35;1mSQL (1.0ms)[0m   [0mSET SQL_AUTO_IS_NULL=0[0m


Processing PersonasController#index (for 127.0.0.1 at 2015-10-12 16:07:35) [GET]
Rendering personas/index
Completed in 49130ms (View: 25233, DB: 1) | 200 OK [http://localhost/personas]
  [4;36;1mSQL (1.0ms)[0m   [0;1mSET NAMES 'utf8'[0m
  [4;35;1mSQL (1.0ms)[0m   [0mSET SQL_AUTO_IS_NULL=0[0m


Processing PersonasController#index (for 127.0.0.1 at 2015-10-12 16:08:24) [GET]
Rendering personas/index
Completed in 28970ms (View: 5126, DB: 2) | 200 OK [http://localhost/personas]
  [4;36;1mSQL (1.0ms)[0m   [0;1mSET NAMES 'utf8'[0m
  [4;35;1mSQL (2.0ms)[0m   [0mSET SQL_AUTO_IS_NULL=0[0m


Processing Rails::InfoController#properties (for 127.0.0.1 at 2015-10-13 15:20:59) [GET]
  [4;36;1mSQL (2.1ms)[0m   [0;1mSHOW TABLES[0m
  [4;35;1mSQL (18.0ms)[0m   [0mSELECT version FROM schema_migrations[0m
Completed in 110ms (View: 4, DB: 23) | 200 OK [http://localhost/rails/info/properties]
  [4;36;1mSQL (1.0ms)[0m   [0;1mSET NAMES 'utf8'[0m
  [4;35;1mSQL (0.5ms)[0m   [0mSET SQL_AUTO_IS_NULL=0[0m


Processing ApplicationController#index (for 127.0.0.1 at 2015-10-13 15:21:05) [GET]

ActionController::RoutingError (No route matches "/routes" with {:method=>:get}):
  C:/Ruby187/lib/ruby/1.8/webrick/httpserver.rb:104:in `service'
  C:/Ruby187/lib/ruby/1.8/webrick/httpserver.rb:65:in `run'
  C:/Ruby187/lib/ruby/1.8/webrick/server.rb:173:in `start_thread'
  C:/Ruby187/lib/ruby/1.8/webrick/server.rb:162:in `start'
  C:/Ruby187/lib/ruby/1.8/webrick/server.rb:162:in `start_thread'
  C:/Ruby187/lib/ruby/1.8/webrick/server.rb:95:in `start'
  C:/Ruby187/lib/ruby/1.8/webrick/server.rb:92:in `each'
  C:/Ruby187/lib/ruby/1.8/webrick/server.rb:92:in `start'
  C:/Ruby187/lib/ruby/1.8/webrick/server.rb:23:in `start'
  C:/Ruby187/lib/ruby/1.8/webrick/server.rb:82:in `start'

Rendering rescues/layout (not_found)
  [4;36;1mSQL (1.6ms)[0m   [0;1mSET NAMES 'utf8'[0m
  [4;35;1mSQL (1.0ms)[0m   [0mSET SQL_AUTO_IS_NULL=0[0m


Processing PersonasController#index (for 127.0.0.1 at 2015-10-13 15:21:10) [GET]
Rendering personas/index
Completed in 29543ms (View: 4933, DB: 3) | 200 OK [http://localhost/personas]
  [4;36;1mSQL (1.0ms)[0m   [0;1mSET NAMES 'utf8'[0m
  [4;35;1mSQL (1.0ms)[0m   [0mSET SQL_AUTO_IS_NULL=0[0m


Processing PersonasController#show (for 127.0.0.1 at 2015-10-13 15:22:02) [GET]
  Parameters: {"id"=>"002a2262-558a-43ce-9348-209defb98701"}
Rendering personas/show
Completed in 144ms (View: 9, DB: 2) | 200 OK [http://localhost/personas/002a2262-558a-43ce-9348-209defb98701]
  [4;36;1mSQL (1.0ms)[0m   [0;1mSET NAMES 'utf8'[0m
  [4;35;1mSQL (1.6ms)[0m   [0mSET SQL_AUTO_IS_NULL=0[0m


Processing PersonasController#show (for 127.0.0.1 at 2015-10-13 15:22:02) [GET]
  Parameters: {"id"=>"00394e20-5f3b-4727-ba51-1df5d212baf6"}
Rendering personas/show
Completed in 119ms (View: 2, DB: 3) | 200 OK [http://localhost/personas/00394e20-5f3b-4727-ba51-1df5d212baf6]
  [4;36;1mSQL (1.0ms)[0m   [0;1mSET NAMES 'utf8'[0m
  [4;35;1mSQL (1.1ms)[0m   [0mSET SQL_AUTO_IS_NULL=0[0m


Processing PersonasController#edit (for 127.0.0.1 at 2015-10-13 15:23:34) [GET]
  Parameters: {"id"=>"002a2262-558a-43ce-9348-209defb98701"}
Rendering personas/edit
Completed in 189ms (View: 13, DB: 2) | 200 OK [http://localhost/personas/002a2262-558a-43ce-9348-209defb98701/edit]
  [4;36;1mSQL (1.0ms)[0m   [0;1mSET NAMES 'utf8'[0m
  [4;35;1mSQL (2.0ms)[0m   [0mSET SQL_AUTO_IS_NULL=0[0m


Processing PersonasController#index (for 127.0.0.1 at 2015-10-13 15:23:46) [GET]
Rendering personas/index
Completed in 28461ms (View: 4969, DB: 3) | 200 OK [http://localhost/personas]
  [4;36;1mSQL (1.0ms)[0m   [0;1mSET NAMES 'utf8'[0m
  [4;35;1mSQL (0.0ms)[0m   [0mSET SQL_AUTO_IS_NULL=0[0m


Processing PersonasController#index (for 127.0.0.1 at 2015-10-13 15:24:22) [GET]
Rendering personas/index
Completed in 29785ms (View: 4952, DB: 1) | 200 OK [http://localhost/personas]
  [4;36;1mSQL (1.0ms)[0m   [0;1mSET NAMES 'utf8'[0m
  [4;35;1mSQL (1.0ms)[0m   [0mSET SQL_AUTO_IS_NULL=0[0m
  [4;36;1mSQL (1.0ms)[0m   [0;1mSHOW TABLES[0m
  [4;35;1mSQL (1.1ms)[0m   [0mSHOW TABLES[0m
  [4;36;1mSQL (1.0ms)[0m   [0;1mSELECT version FROM schema_migrations[0m
  [4;35;1mSQL (1.0ms)[0m   [0mSHOW TABLES[0m
  [4;36;1mSQL (12.5ms)[0m   [0;1mSHOW FIELDS FROM `adscripcions`[0m
  [4;35;1mSQL (1.0ms)[0m   [0mdescribe `adscripcions`[0m
  [4;36;1mSQL (1.0ms)[0m   [0;1mSHOW KEYS FROM `adscripcions`[0m
  [4;35;1mSQL (1.0ms)[0m   [0mSHOW FIELDS FROM `municipios`[0m
  [4;36;1mSQL (0.0ms)[0m   [0;1mdescribe `municipios`[0m
  [4;35;1mSQL (1.0ms)[0m   [0mSHOW KEYS FROM `municipios`[0m
  [4;36;1mSQL (11.0ms)[0m   [0;1mSHOW FIELDS FROM `personas`[0m
  [4;35;1mSQL (1.0ms)[0m   [0mdescribe `personas`[0m
  [4;36;1mSQL (1.5ms)[0m   [0;1mSHOW KEYS FROM `personas`[0m
  [4;36;1mSQL (1.6ms)[0m   [0;1mSET NAMES 'utf8'[0m
  [4;35;1mSQL (1.0ms)[0m   [0mSET SQL_AUTO_IS_NULL=0[0m


Processing ActionController::Base#index (for 127.0.0.1 at 2015-10-14 13:00:08) [GET]

NameError (uninitialized constant ApplicationController::AuthenticatedSystem):
  app/controllers/application_controller.rb:7
  app/controllers/personas_controller.rb:1
  C:/Ruby187/lib/ruby/1.8/webrick/httpserver.rb:104:in `service'
  C:/Ruby187/lib/ruby/1.8/webrick/httpserver.rb:65:in `run'
  C:/Ruby187/lib/ruby/1.8/webrick/server.rb:173:in `start_thread'
  C:/Ruby187/lib/ruby/1.8/webrick/server.rb:162:in `start'
  C:/Ruby187/lib/ruby/1.8/webrick/server.rb:162:in `start_thread'
  C:/Ruby187/lib/ruby/1.8/webrick/server.rb:95:in `start'
  C:/Ruby187/lib/ruby/1.8/webrick/server.rb:92:in `each'
  C:/Ruby187/lib/ruby/1.8/webrick/server.rb:92:in `start'
  C:/Ruby187/lib/ruby/1.8/webrick/server.rb:23:in `start'
  C:/Ruby187/lib/ruby/1.8/webrick/server.rb:82:in `start'

Rendered rescues/_trace (23.0ms)
Rendered rescues/_request_and_response (29.1ms)
Rendering rescues/layout (internal_server_error)
  [4;36;1mSQL (1.0ms)[0m   [0;1mSET NAMES 'utf8'[0m
  [4;35;1mSQL (1.0ms)[0m   [0mSET SQL_AUTO_IS_NULL=0[0m
  [4;36;1mSQL (1.0ms)[0m   [0;1mSHOW TABLES[0m
  [4;35;1mSQL (2.0ms)[0m   [0mSELECT version FROM schema_migrations[0m
Migrating to CreateUsers (20151014162834)
  [4;36;1mSQL (2.0ms)[0m   [0;1mSHOW TABLES[0m
  [4;35;1mSQL (1.0ms)[0m   [0mSELECT version FROM schema_migrations[0m
  [4;36;1mSQL (1.0ms)[0m   [0;1mSHOW TABLES[0m
  [4;35;1mSQL (2.0ms)[0m   [0mSHOW FIELDS FROM `adscripcions`[0m
  [4;36;1mSQL (1.1ms)[0m   [0;1mdescribe `adscripcions`[0m
  [4;35;1mSQL (1.1ms)[0m   [0mSHOW KEYS FROM `adscripcions`[0m
  [4;36;1mSQL (2.0ms)[0m   [0;1mSHOW FIELDS FROM `municipios`[0m
  [4;35;1mSQL (2.0ms)[0m   [0mdescribe `municipios`[0m
  [4;36;1mSQL (2.0ms)[0m   [0;1mSHOW KEYS FROM `municipios`[0m
  [4;35;1mSQL (2.0ms)[0m   [0mSHOW FIELDS FROM `personas`[0m
  [4;36;1mSQL (2.0ms)[0m   [0;1mdescribe `personas`[0m
  [4;35;1mSQL (2.0ms)[0m   [0mSHOW KEYS FROM `personas`[0m
  [4;36;1mSQL (1.0ms)[0m   [0;1mSHOW FIELDS FROM `users`[0m
  [4;35;1mSQL (5.0ms)[0m   [0mdescribe `users`[0m
  [4;36;1mSQL (1.0ms)[0m   [0;1mSHOW KEYS FROM `users`[0m
  [4;36;1mSQL (1.0ms)[0m   [0;1mSET NAMES 'utf8'[0m
  [4;35;1mSQL (1.5ms)[0m   [0mSET SQL_AUTO_IS_NULL=0[0m
  [4;36;1mSQL (1.6ms)[0m   [0;1mSHOW TABLES[0m
  [4;35;1mSQL (1.0ms)[0m   [0mSELECT version FROM schema_migrations[0m
  [4;36;1mSQL (1.0ms)[0m   [0;1mSET NAMES 'utf8'[0m
  [4;35;1mSQL (1.0ms)[0m   [0mSET SQL_AUTO_IS_NULL=0[0m


Processing ActionController::Base#index (for 127.0.0.1 at 2015-10-14 13:02:03) [GET]

NameError (uninitialized constant ApplicationController::AuthenticatedSystem):
  app/controllers/application_controller.rb:7
  app/controllers/home_controller.rb:1
  C:/Ruby187/lib/ruby/1.8/webrick/httpserver.rb:104:in `service'
  C:/Ruby187/lib/ruby/1.8/webrick/httpserver.rb:65:in `run'
  C:/Ruby187/lib/ruby/1.8/webrick/server.rb:173:in `start_thread'
  C:/Ruby187/lib/ruby/1.8/webrick/server.rb:162:in `start'
  C:/Ruby187/lib/ruby/1.8/webrick/server.rb:162:in `start_thread'
  C:/Ruby187/lib/ruby/1.8/webrick/server.rb:95:in `start'
  C:/Ruby187/lib/ruby/1.8/webrick/server.rb:92:in `each'
  C:/Ruby187/lib/ruby/1.8/webrick/server.rb:92:in `start'
  C:/Ruby187/lib/ruby/1.8/webrick/server.rb:23:in `start'
  C:/Ruby187/lib/ruby/1.8/webrick/server.rb:82:in `start'

Rendered rescues/_trace (39.0ms)
Rendered rescues/_request_and_response (1.0ms)
Rendering rescues/layout (internal_server_error)
  [4;36;1mSQL (1.0ms)[0m   [0;1mSET NAMES 'utf8'[0m
  [4;35;1mSQL (1.2ms)[0m   [0mSET SQL_AUTO_IS_NULL=0[0m


Processing ActionController::Base#index (for 127.0.0.1 at 2015-10-14 13:10:08) [GET]

NameError (uninitialized constant ApplicationController::AuthenticatedSystem):
  app/controllers/application_controller.rb:7
  app/controllers/home_controller.rb:1
  C:/Ruby187/lib/ruby/1.8/webrick/httpserver.rb:104:in `service'
  C:/Ruby187/lib/ruby/1.8/webrick/httpserver.rb:65:in `run'
  C:/Ruby187/lib/ruby/1.8/webrick/server.rb:173:in `start_thread'
  C:/Ruby187/lib/ruby/1.8/webrick/server.rb:162:in `start'
  C:/Ruby187/lib/ruby/1.8/webrick/server.rb:162:in `start_thread'
  C:/Ruby187/lib/ruby/1.8/webrick/server.rb:95:in `start'
  C:/Ruby187/lib/ruby/1.8/webrick/server.rb:92:in `each'
  C:/Ruby187/lib/ruby/1.8/webrick/server.rb:92:in `start'
  C:/Ruby187/lib/ruby/1.8/webrick/server.rb:23:in `start'
  C:/Ruby187/lib/ruby/1.8/webrick/server.rb:82:in `start'

Rendered rescues/_trace (35.0ms)
Rendered rescues/_request_and_response (1.0ms)
Rendering rescues/layout (internal_server_error)
  [4;36;1mSQL (0.0ms)[0m   [0;1mSET NAMES 'utf8'[0m
  [4;35;1mSQL (1.0ms)[0m   [0mSET SQL_AUTO_IS_NULL=0[0m


Processing HomeController#index (for 127.0.0.1 at 2015-10-14 13:11:22) [GET]

NoMethodError (undefined method `login_required' for #<HomeController:0xcfe5ba8>):
  C:/Ruby187/lib/ruby/1.8/webrick/httpserver.rb:104:in `service'
  C:/Ruby187/lib/ruby/1.8/webrick/httpserver.rb:65:in `run'
  C:/Ruby187/lib/ruby/1.8/webrick/server.rb:173:in `start_thread'
  C:/Ruby187/lib/ruby/1.8/webrick/server.rb:162:in `start'
  C:/Ruby187/lib/ruby/1.8/webrick/server.rb:162:in `start_thread'
  C:/Ruby187/lib/ruby/1.8/webrick/server.rb:95:in `start'
  C:/Ruby187/lib/ruby/1.8/webrick/server.rb:92:in `each'
  C:/Ruby187/lib/ruby/1.8/webrick/server.rb:92:in `start'
  C:/Ruby187/lib/ruby/1.8/webrick/server.rb:23:in `start'
  C:/Ruby187/lib/ruby/1.8/webrick/server.rb:82:in `start'

Rendered rescues/_trace (15.0ms)
Rendered rescues/_request_and_response (0.0ms)
Rendering rescues/layout (internal_server_error)
  [4;36;1mSQL (1.0ms)[0m   [0;1mSET NAMES 'utf8'[0m
  [4;35;1mSQL (1.1ms)[0m   [0mSET SQL_AUTO_IS_NULL=0[0m


Processing HomeController#index (for 127.0.0.1 at 2015-10-14 13:13:27) [GET]

NoMethodError (undefined method `login_required' for #<HomeController:0xa5c61c8>):
  C:/Ruby187/lib/ruby/1.8/webrick/httpserver.rb:104:in `service'
  C:/Ruby187/lib/ruby/1.8/webrick/httpserver.rb:65:in `run'
  C:/Ruby187/lib/ruby/1.8/webrick/server.rb:173:in `start_thread'
  C:/Ruby187/lib/ruby/1.8/webrick/server.rb:162:in `start'
  C:/Ruby187/lib/ruby/1.8/webrick/server.rb:162:in `start_thread'
  C:/Ruby187/lib/ruby/1.8/webrick/server.rb:95:in `start'
  C:/Ruby187/lib/ruby/1.8/webrick/server.rb:92:in `each'
  C:/Ruby187/lib/ruby/1.8/webrick/server.rb:92:in `start'
  C:/Ruby187/lib/ruby/1.8/webrick/server.rb:23:in `start'
  C:/Ruby187/lib/ruby/1.8/webrick/server.rb:82:in `start'

Rendered rescues/_trace (44.0ms)
Rendered rescues/_request_and_response (1.5ms)
Rendering rescues/layout (internal_server_error)
  [4;36;1mSQL (0.0ms)[0m   [0;1mSET NAMES 'utf8'[0m
  [4;35;1mSQL (1.0ms)[0m   [0mSET SQL_AUTO_IS_NULL=0[0m


Processing HomeController#index (for 127.0.0.1 at 2015-10-14 13:13:29) [GET]

NoMethodError (undefined method `login_required' for #<HomeController:0xcfeafa8>):
  C:/Ruby187/lib/ruby/1.8/webrick/httpserver.rb:104:in `service'
  C:/Ruby187/lib/ruby/1.8/webrick/httpserver.rb:65:in `run'
  C:/Ruby187/lib/ruby/1.8/webrick/server.rb:173:in `start_thread'
  C:/Ruby187/lib/ruby/1.8/webrick/server.rb:162:in `start'
  C:/Ruby187/lib/ruby/1.8/webrick/server.rb:162:in `start_thread'
  C:/Ruby187/lib/ruby/1.8/webrick/server.rb:95:in `start'
  C:/Ruby187/lib/ruby/1.8/webrick/server.rb:92:in `each'
  C:/Ruby187/lib/ruby/1.8/webrick/server.rb:92:in `start'
  C:/Ruby187/lib/ruby/1.8/webrick/server.rb:23:in `start'
  C:/Ruby187/lib/ruby/1.8/webrick/server.rb:82:in `start'

Rendered rescues/_trace (22.0ms)
Rendered rescues/_request_and_response (0.0ms)
Rendering rescues/layout (internal_server_error)
  [4;36;1mSQL (0.0ms)[0m   [0;1mSET NAMES 'utf8'[0m
  [4;35;1mSQL (0.0ms)[0m   [0mSET SQL_AUTO_IS_NULL=0[0m


Processing ActionController::Base#index (for 127.0.0.1 at 2015-10-14 13:13:40) [GET]

NameError (uninitialized constant ApplicationController::AuthenticatedSystem):
  app/controllers/application_controller.rb:7
  app/controllers/home_controller.rb:1
  C:/Ruby187/lib/ruby/1.8/webrick/httpserver.rb:104:in `service'
  C:/Ruby187/lib/ruby/1.8/webrick/httpserver.rb:65:in `run'
  C:/Ruby187/lib/ruby/1.8/webrick/server.rb:173:in `start_thread'
  C:/Ruby187/lib/ruby/1.8/webrick/server.rb:162:in `start'
  C:/Ruby187/lib/ruby/1.8/webrick/server.rb:162:in `start_thread'
  C:/Ruby187/lib/ruby/1.8/webrick/server.rb:95:in `start'
  C:/Ruby187/lib/ruby/1.8/webrick/server.rb:92:in `each'
  C:/Ruby187/lib/ruby/1.8/webrick/server.rb:92:in `start'
  C:/Ruby187/lib/ruby/1.8/webrick/server.rb:23:in `start'
  C:/Ruby187/lib/ruby/1.8/webrick/server.rb:82:in `start'

Rendered rescues/_trace (22.0ms)
Rendered rescues/_request_and_response (0.0ms)
Rendering rescues/layout (internal_server_error)
  [4;36;1mSQL (1.0ms)[0m   [0;1mSET NAMES 'utf8'[0m
  [4;35;1mSQL (1.7ms)[0m   [0mSET SQL_AUTO_IS_NULL=0[0m


Processing ActionController::Base#index (for 127.0.0.1 at 2015-10-14 13:13:41) [GET]

NameError (uninitialized constant ApplicationController::AuthenticatedSystem):
  app/controllers/application_controller.rb:7
  app/controllers/home_controller.rb:1
  C:/Ruby187/lib/ruby/1.8/webrick/httpserver.rb:104:in `service'
  C:/Ruby187/lib/ruby/1.8/webrick/httpserver.rb:65:in `run'
  C:/Ruby187/lib/ruby/1.8/webrick/server.rb:173:in `start_thread'
  C:/Ruby187/lib/ruby/1.8/webrick/server.rb:162:in `start'
  C:/Ruby187/lib/ruby/1.8/webrick/server.rb:162:in `start_thread'
  C:/Ruby187/lib/ruby/1.8/webrick/server.rb:95:in `start'
  C:/Ruby187/lib/ruby/1.8/webrick/server.rb:92:in `each'
  C:/Ruby187/lib/ruby/1.8/webrick/server.rb:92:in `start'
  C:/Ruby187/lib/ruby/1.8/webrick/server.rb:23:in `start'
  C:/Ruby187/lib/ruby/1.8/webrick/server.rb:82:in `start'

Rendered rescues/_trace (22.0ms)
Rendered rescues/_request_and_response (0.0ms)
Rendering rescues/layout (internal_server_error)
  [4;36;1mSQL (1.0ms)[0m   [0;1mSET NAMES 'utf8'[0m
  [4;35;1mSQL (0.0ms)[0m   [0mSET SQL_AUTO_IS_NULL=0[0m


Processing ActionController::Base#index (for 127.0.0.1 at 2015-10-14 13:13:42) [GET]

NameError (uninitialized constant ApplicationController::AuthenticatedSystem):
  app/controllers/application_controller.rb:7
  app/controllers/home_controller.rb:1
  C:/Ruby187/lib/ruby/1.8/webrick/httpserver.rb:104:in `service'
  C:/Ruby187/lib/ruby/1.8/webrick/httpserver.rb:65:in `run'
  C:/Ruby187/lib/ruby/1.8/webrick/server.rb:173:in `start_thread'
  C:/Ruby187/lib/ruby/1.8/webrick/server.rb:162:in `start'
  C:/Ruby187/lib/ruby/1.8/webrick/server.rb:162:in `start_thread'
  C:/Ruby187/lib/ruby/1.8/webrick/server.rb:95:in `start'
  C:/Ruby187/lib/ruby/1.8/webrick/server.rb:92:in `each'
  C:/Ruby187/lib/ruby/1.8/webrick/server.rb:92:in `start'
  C:/Ruby187/lib/ruby/1.8/webrick/server.rb:23:in `start'
  C:/Ruby187/lib/ruby/1.8/webrick/server.rb:82:in `start'

Rendered rescues/_trace (23.0ms)
Rendered rescues/_request_and_response (1.0ms)
Rendering rescues/layout (internal_server_error)
  [4;36;1mSQL (1.0ms)[0m   [0;1mSET NAMES 'utf8'[0m
  [4;35;1mSQL (0.0ms)[0m   [0mSET SQL_AUTO_IS_NULL=0[0m


Processing ActionController::Base#index (for 127.0.0.1 at 2015-10-14 13:13:42) [GET]

NameError (uninitialized constant ApplicationController::AuthenticatedSystem):
  app/controllers/application_controller.rb:7
  app/controllers/home_controller.rb:1
  C:/Ruby187/lib/ruby/1.8/webrick/httpserver.rb:104:in `service'
  C:/Ruby187/lib/ruby/1.8/webrick/httpserver.rb:65:in `run'
  C:/Ruby187/lib/ruby/1.8/webrick/server.rb:173:in `start_thread'
  C:/Ruby187/lib/ruby/1.8/webrick/server.rb:162:in `start'
  C:/Ruby187/lib/ruby/1.8/webrick/server.rb:162:in `start_thread'
  C:/Ruby187/lib/ruby/1.8/webrick/server.rb:95:in `start'
  C:/Ruby187/lib/ruby/1.8/webrick/server.rb:92:in `each'
  C:/Ruby187/lib/ruby/1.8/webrick/server.rb:92:in `start'
  C:/Ruby187/lib/ruby/1.8/webrick/server.rb:23:in `start'
  C:/Ruby187/lib/ruby/1.8/webrick/server.rb:82:in `start'

Rendered rescues/_trace (24.5ms)
Rendered rescues/_request_and_response (0.5ms)
Rendering rescues/layout (internal_server_error)
  [4;36;1mSQL (1.0ms)[0m   [0;1mSET NAMES 'utf8'[0m
  [4;35;1mSQL (1.5ms)[0m   [0mSET SQL_AUTO_IS_NULL=0[0m


Processing ActionController::Base#index (for 127.0.0.1 at 2015-10-14 13:13:43) [GET]

NameError (uninitialized constant ApplicationController::AuthenticatedSystem):
  app/controllers/application_controller.rb:7
  app/controllers/home_controller.rb:1
  C:/Ruby187/lib/ruby/1.8/webrick/httpserver.rb:104:in `service'
  C:/Ruby187/lib/ruby/1.8/webrick/httpserver.rb:65:in `run'
  C:/Ruby187/lib/ruby/1.8/webrick/server.rb:173:in `start_thread'
  C:/Ruby187/lib/ruby/1.8/webrick/server.rb:162:in `start'
  C:/Ruby187/lib/ruby/1.8/webrick/server.rb:162:in `start_thread'
  C:/Ruby187/lib/ruby/1.8/webrick/server.rb:95:in `start'
  C:/Ruby187/lib/ruby/1.8/webrick/server.rb:92:in `each'
  C:/Ruby187/lib/ruby/1.8/webrick/server.rb:92:in `start'
  C:/Ruby187/lib/ruby/1.8/webrick/server.rb:23:in `start'
  C:/Ruby187/lib/ruby/1.8/webrick/server.rb:82:in `start'

Rendered rescues/_trace (21.0ms)
Rendered rescues/_request_and_response (0.0ms)
Rendering rescues/layout (internal_server_error)
  [4;36;1mSQL (0.0ms)[0m   [0;1mSET NAMES 'utf8'[0m
  [4;35;1mSQL (0.0ms)[0m   [0mSET SQL_AUTO_IS_NULL=0[0m


Processing ActionController::Base#index (for 127.0.0.1 at 2015-10-14 13:13:43) [GET]

NameError (uninitialized constant ApplicationController::AuthenticatedSystem):
  app/controllers/application_controller.rb:7
  app/controllers/home_controller.rb:1
  C:/Ruby187/lib/ruby/1.8/webrick/httpserver.rb:104:in `service'
  C:/Ruby187/lib/ruby/1.8/webrick/httpserver.rb:65:in `run'
  C:/Ruby187/lib/ruby/1.8/webrick/server.rb:173:in `start_thread'
  C:/Ruby187/lib/ruby/1.8/webrick/server.rb:162:in `start'
  C:/Ruby187/lib/ruby/1.8/webrick/server.rb:162:in `start_thread'
  C:/Ruby187/lib/ruby/1.8/webrick/server.rb:95:in `start'
  C:/Ruby187/lib/ruby/1.8/webrick/server.rb:92:in `each'
  C:/Ruby187/lib/ruby/1.8/webrick/server.rb:92:in `start'
  C:/Ruby187/lib/ruby/1.8/webrick/server.rb:23:in `start'
  C:/Ruby187/lib/ruby/1.8/webrick/server.rb:82:in `start'

Rendered rescues/_trace (22.0ms)
Rendered rescues/_request_and_response (0.0ms)
Rendering rescues/layout (internal_server_error)
  [4;36;1mSQL (1.0ms)[0m   [0;1mSET NAMES 'utf8'[0m
  [4;35;1mSQL (0.4ms)[0m   [0mSET SQL_AUTO_IS_NULL=0[0m


Processing ActionController::Base#index (for 127.0.0.1 at 2015-10-14 13:14:10) [GET]

NameError (uninitialized constant ApplicationController::AuthenticatedSystem):
  app/controllers/application_controller.rb:7
  app/controllers/home_controller.rb:1
  C:/Ruby187/lib/ruby/1.8/webrick/httpserver.rb:104:in `service'
  C:/Ruby187/lib/ruby/1.8/webrick/httpserver.rb:65:in `run'
  C:/Ruby187/lib/ruby/1.8/webrick/server.rb:173:in `start_thread'
  C:/Ruby187/lib/ruby/1.8/webrick/server.rb:162:in `start'
  C:/Ruby187/lib/ruby/1.8/webrick/server.rb:162:in `start_thread'
  C:/Ruby187/lib/ruby/1.8/webrick/server.rb:95:in `start'
  C:/Ruby187/lib/ruby/1.8/webrick/server.rb:92:in `each'
  C:/Ruby187/lib/ruby/1.8/webrick/server.rb:92:in `start'
  C:/Ruby187/lib/ruby/1.8/webrick/server.rb:23:in `start'
  C:/Ruby187/lib/ruby/1.8/webrick/server.rb:82:in `start'

Rendered rescues/_trace (36.0ms)
Rendered rescues/_request_and_response (1.0ms)
Rendering rescues/layout (internal_server_error)
  [4;36;1mSQL (0.6ms)[0m   [0;1mSET NAMES 'utf8'[0m
  [4;35;1mSQL (1.1ms)[0m   [0mSET SQL_AUTO_IS_NULL=0[0m


Processing ActionController::Base#index (for 127.0.0.1 at 2015-10-14 13:14:16) [GET]

NameError (uninitialized constant ApplicationController::AuthenticatedSystem):
  app/controllers/application_controller.rb:7
  app/controllers/home_controller.rb:1
  C:/Ruby187/lib/ruby/1.8/webrick/httpserver.rb:104:in `service'
  C:/Ruby187/lib/ruby/1.8/webrick/httpserver.rb:65:in `run'
  C:/Ruby187/lib/ruby/1.8/webrick/server.rb:173:in `start_thread'
  C:/Ruby187/lib/ruby/1.8/webrick/server.rb:162:in `start'
  C:/Ruby187/lib/ruby/1.8/webrick/server.rb:162:in `start_thread'
  C:/Ruby187/lib/ruby/1.8/webrick/server.rb:95:in `start'
  C:/Ruby187/lib/ruby/1.8/webrick/server.rb:92:in `each'
  C:/Ruby187/lib/ruby/1.8/webrick/server.rb:92:in `start'
  C:/Ruby187/lib/ruby/1.8/webrick/server.rb:23:in `start'
  C:/Ruby187/lib/ruby/1.8/webrick/server.rb:82:in `start'

Rendered rescues/_trace (21.0ms)
Rendered rescues/_request_and_response (0.0ms)
Rendering rescues/layout (internal_server_error)
  [4;36;1mSQL (1.0ms)[0m   [0;1mSET NAMES 'utf8'[0m
  [4;35;1mSQL (2.0ms)[0m   [0mSET SQL_AUTO_IS_NULL=0[0m


Processing ActionController::Base#index (for 127.0.0.1 at 2015-10-14 13:15:35) [GET]

NameError (uninitialized constant ApplicationController::AuthenticatedSystem):
  app/controllers/application_controller.rb:7
  app/controllers/home_controller.rb:1
  C:/Ruby187/lib/ruby/1.8/webrick/httpserver.rb:104:in `service'
  C:/Ruby187/lib/ruby/1.8/webrick/httpserver.rb:65:in `run'
  C:/Ruby187/lib/ruby/1.8/webrick/server.rb:173:in `start_thread'
  C:/Ruby187/lib/ruby/1.8/webrick/server.rb:162:in `start'
  C:/Ruby187/lib/ruby/1.8/webrick/server.rb:162:in `start_thread'
  C:/Ruby187/lib/ruby/1.8/webrick/server.rb:95:in `start'
  C:/Ruby187/lib/ruby/1.8/webrick/server.rb:92:in `each'
  C:/Ruby187/lib/ruby/1.8/webrick/server.rb:92:in `start'
  C:/Ruby187/lib/ruby/1.8/webrick/server.rb:23:in `start'
  C:/Ruby187/lib/ruby/1.8/webrick/server.rb:82:in `start'

Rendered rescues/_trace (38.0ms)
Rendered rescues/_request_and_response (1.0ms)
Rendering rescues/layout (internal_server_error)
  [4;36;1mSQL (1.0ms)[0m   [0;1mSET NAMES 'utf8'[0m
  [4;35;1mSQL (0.0ms)[0m   [0mSET SQL_AUTO_IS_NULL=0[0m


Processing ActionController::Base#index (for 127.0.0.1 at 2015-10-14 13:15:44) [GET]

NameError (uninitialized constant ApplicationController::AuthenticatedSystem):
  app/controllers/application_controller.rb:7
  app/controllers/home_controller.rb:1
  C:/Ruby187/lib/ruby/1.8/webrick/httpserver.rb:104:in `service'
  C:/Ruby187/lib/ruby/1.8/webrick/httpserver.rb:65:in `run'
  C:/Ruby187/lib/ruby/1.8/webrick/server.rb:173:in `start_thread'
  C:/Ruby187/lib/ruby/1.8/webrick/server.rb:162:in `start'
  C:/Ruby187/lib/ruby/1.8/webrick/server.rb:162:in `start_thread'
  C:/Ruby187/lib/ruby/1.8/webrick/server.rb:95:in `start'
  C:/Ruby187/lib/ruby/1.8/webrick/server.rb:92:in `each'
  C:/Ruby187/lib/ruby/1.8/webrick/server.rb:92:in `start'
  C:/Ruby187/lib/ruby/1.8/webrick/server.rb:23:in `start'
  C:/Ruby187/lib/ruby/1.8/webrick/server.rb:82:in `start'

Rendered rescues/_trace (22.0ms)
Rendered rescues/_request_and_response (0.0ms)
Rendering rescues/layout (internal_server_error)
  [4;36;1mSQL (1.0ms)[0m   [0;1mSET NAMES 'utf8'[0m
  [4;35;1mSQL (1.2ms)[0m   [0mSET SQL_AUTO_IS_NULL=0[0m


Processing ActionController::Base#index (for 127.0.0.1 at 2015-10-14 13:18:08) [GET]

NameError (uninitialized constant ApplicationController::AuthenticatedSystem):
  app/controllers/application_controller.rb:7
  app/controllers/home_controller.rb:1
  C:/Ruby187/lib/ruby/1.8/webrick/httpserver.rb:104:in `service'
  C:/Ruby187/lib/ruby/1.8/webrick/httpserver.rb:65:in `run'
  C:/Ruby187/lib/ruby/1.8/webrick/server.rb:173:in `start_thread'
  C:/Ruby187/lib/ruby/1.8/webrick/server.rb:162:in `start'
  C:/Ruby187/lib/ruby/1.8/webrick/server.rb:162:in `start_thread'
  C:/Ruby187/lib/ruby/1.8/webrick/server.rb:95:in `start'
  C:/Ruby187/lib/ruby/1.8/webrick/server.rb:92:in `each'
  C:/Ruby187/lib/ruby/1.8/webrick/server.rb:92:in `start'
  C:/Ruby187/lib/ruby/1.8/webrick/server.rb:23:in `start'
  C:/Ruby187/lib/ruby/1.8/webrick/server.rb:82:in `start'

Rendered rescues/_trace (41.0ms)
Rendered rescues/_request_and_response (1.0ms)
Rendering rescues/layout (internal_server_error)
  [4;36;1mSQL (1.0ms)[0m   [0;1mSET NAMES 'utf8'[0m
  [4;35;1mSQL (2.0ms)[0m   [0mSET SQL_AUTO_IS_NULL=0[0m


Processing ActionController::Base#index (for 127.0.0.1 at 2015-10-14 13:18:10) [GET]

NameError (uninitialized constant ApplicationController::AuthenticatedSystem):
  app/controllers/application_controller.rb:7
  app/controllers/home_controller.rb:1
  C:/Ruby187/lib/ruby/1.8/webrick/httpserver.rb:104:in `service'
  C:/Ruby187/lib/ruby/1.8/webrick/httpserver.rb:65:in `run'
  C:/Ruby187/lib/ruby/1.8/webrick/server.rb:173:in `start_thread'
  C:/Ruby187/lib/ruby/1.8/webrick/server.rb:162:in `start'
  C:/Ruby187/lib/ruby/1.8/webrick/server.rb:162:in `start_thread'
  C:/Ruby187/lib/ruby/1.8/webrick/server.rb:95:in `start'
  C:/Ruby187/lib/ruby/1.8/webrick/server.rb:92:in `each'
  C:/Ruby187/lib/ruby/1.8/webrick/server.rb:92:in `start'
  C:/Ruby187/lib/ruby/1.8/webrick/server.rb:23:in `start'
  C:/Ruby187/lib/ruby/1.8/webrick/server.rb:82:in `start'

Rendered rescues/_trace (21.0ms)
Rendered rescues/_request_and_response (0.0ms)
Rendering rescues/layout (internal_server_error)
  [4;36;1mSQL (1.0ms)[0m   [0;1mSET NAMES 'utf8'[0m
  [4;35;1mSQL (1.8ms)[0m   [0mSET SQL_AUTO_IS_NULL=0[0m


Processing ActionController::Base#index (for 127.0.0.1 at 2015-10-14 13:18:14) [GET]

NameError (uninitialized constant ApplicationController::AuthenticatedSystem):
  app/controllers/application_controller.rb:7
  app/controllers/home_controller.rb:1
  C:/Ruby187/lib/ruby/1.8/webrick/httpserver.rb:104:in `service'
  C:/Ruby187/lib/ruby/1.8/webrick/httpserver.rb:65:in `run'
  C:/Ruby187/lib/ruby/1.8/webrick/server.rb:173:in `start_thread'
  C:/Ruby187/lib/ruby/1.8/webrick/server.rb:162:in `start'
  C:/Ruby187/lib/ruby/1.8/webrick/server.rb:162:in `start_thread'
  C:/Ruby187/lib/ruby/1.8/webrick/server.rb:95:in `start'
  C:/Ruby187/lib/ruby/1.8/webrick/server.rb:92:in `each'
  C:/Ruby187/lib/ruby/1.8/webrick/server.rb:92:in `start'
  C:/Ruby187/lib/ruby/1.8/webrick/server.rb:23:in `start'
  C:/Ruby187/lib/ruby/1.8/webrick/server.rb:82:in `start'

Rendered rescues/_trace (21.0ms)
Rendered rescues/_request_and_response (1.0ms)
Rendering rescues/layout (internal_server_error)
  [4;36;1mSQL (1.0ms)[0m   [0;1mSET NAMES 'utf8'[0m
  [4;35;1mSQL (0.5ms)[0m   [0mSET SQL_AUTO_IS_NULL=0[0m


Processing ActionController::Base#index (for 127.0.0.1 at 2015-10-14 13:22:30) [GET]

NameError (uninitialized constant ApplicationController::AuthenticatedSystem):
  app/controllers/application_controller.rb:7
  app/controllers/home_controller.rb:1
  C:/Ruby187/lib/ruby/1.8/webrick/httpserver.rb:104:in `service'
  C:/Ruby187/lib/ruby/1.8/webrick/httpserver.rb:65:in `run'
  C:/Ruby187/lib/ruby/1.8/webrick/server.rb:173:in `start_thread'
  C:/Ruby187/lib/ruby/1.8/webrick/server.rb:162:in `start'
  C:/Ruby187/lib/ruby/1.8/webrick/server.rb:162:in `start_thread'
  C:/Ruby187/lib/ruby/1.8/webrick/server.rb:95:in `start'
  C:/Ruby187/lib/ruby/1.8/webrick/server.rb:92:in `each'
  C:/Ruby187/lib/ruby/1.8/webrick/server.rb:92:in `start'
  C:/Ruby187/lib/ruby/1.8/webrick/server.rb:23:in `start'
  C:/Ruby187/lib/ruby/1.8/webrick/server.rb:82:in `start'

Rendered rescues/_trace (35.0ms)
Rendered rescues/_request_and_response (1.0ms)
Rendering rescues/layout (internal_server_error)
  [4;36;1mSQL (0.0ms)[0m   [0;1mSET NAMES 'utf8'[0m
  [4;35;1mSQL (1.0ms)[0m   [0mSET SQL_AUTO_IS_NULL=0[0m


Processing ActionController::Base#index (for 127.0.0.1 at 2015-10-14 13:22:34) [GET]

NameError (uninitialized constant ApplicationController::AuthenticatedSystem):
  app/controllers/application_controller.rb:7
  app/controllers/home_controller.rb:1
  C:/Ruby187/lib/ruby/1.8/webrick/httpserver.rb:104:in `service'
  C:/Ruby187/lib/ruby/1.8/webrick/httpserver.rb:65:in `run'
  C:/Ruby187/lib/ruby/1.8/webrick/server.rb:173:in `start_thread'
  C:/Ruby187/lib/ruby/1.8/webrick/server.rb:162:in `start'
  C:/Ruby187/lib/ruby/1.8/webrick/server.rb:162:in `start_thread'
  C:/Ruby187/lib/ruby/1.8/webrick/server.rb:95:in `start'
  C:/Ruby187/lib/ruby/1.8/webrick/server.rb:92:in `each'
  C:/Ruby187/lib/ruby/1.8/webrick/server.rb:92:in `start'
  C:/Ruby187/lib/ruby/1.8/webrick/server.rb:23:in `start'
  C:/Ruby187/lib/ruby/1.8/webrick/server.rb:82:in `start'

Rendered rescues/_trace (22.0ms)
Rendered rescues/_request_and_response (1.0ms)
Rendering rescues/layout (internal_server_error)
  [4;36;1mSQL (1.0ms)[0m   [0;1mSET NAMES 'utf8'[0m
  [4;35;1mSQL (2.0ms)[0m   [0mSET SQL_AUTO_IS_NULL=0[0m


Processing ActionController::Base#index (for 127.0.0.1 at 2015-10-14 13:22:42) [GET]

NameError (uninitialized constant ApplicationController::AuthenticatedSystem):
  app/controllers/application_controller.rb:7
  app/controllers/home_controller.rb:1
  C:/Ruby187/lib/ruby/1.8/webrick/httpserver.rb:104:in `service'
  C:/Ruby187/lib/ruby/1.8/webrick/httpserver.rb:65:in `run'
  C:/Ruby187/lib/ruby/1.8/webrick/server.rb:173:in `start_thread'
  C:/Ruby187/lib/ruby/1.8/webrick/server.rb:162:in `start'
  C:/Ruby187/lib/ruby/1.8/webrick/server.rb:162:in `start_thread'
  C:/Ruby187/lib/ruby/1.8/webrick/server.rb:95:in `start'
  C:/Ruby187/lib/ruby/1.8/webrick/server.rb:92:in `each'
  C:/Ruby187/lib/ruby/1.8/webrick/server.rb:92:in `start'
  C:/Ruby187/lib/ruby/1.8/webrick/server.rb:23:in `start'
  C:/Ruby187/lib/ruby/1.8/webrick/server.rb:82:in `start'

Rendered rescues/_trace (23.0ms)
Rendered rescues/_request_and_response (1.0ms)
Rendering rescues/layout (internal_server_error)
  [4;36;1mSQL (1.1ms)[0m   [0;1mSET NAMES 'utf8'[0m
  [4;35;1mSQL (0.4ms)[0m   [0mSET SQL_AUTO_IS_NULL=0[0m


Processing ActionController::Base#index (for 127.0.0.1 at 2015-10-14 13:22:42) [GET]

NameError (uninitialized constant ApplicationController::AuthenticatedSystem):
  app/controllers/application_controller.rb:7
  app/controllers/home_controller.rb:1
  C:/Ruby187/lib/ruby/1.8/webrick/httpserver.rb:104:in `service'
  C:/Ruby187/lib/ruby/1.8/webrick/httpserver.rb:65:in `run'
  C:/Ruby187/lib/ruby/1.8/webrick/server.rb:173:in `start_thread'
  C:/Ruby187/lib/ruby/1.8/webrick/server.rb:162:in `start'
  C:/Ruby187/lib/ruby/1.8/webrick/server.rb:162:in `start_thread'
  C:/Ruby187/lib/ruby/1.8/webrick/server.rb:95:in `start'
  C:/Ruby187/lib/ruby/1.8/webrick/server.rb:92:in `each'
  C:/Ruby187/lib/ruby/1.8/webrick/server.rb:92:in `start'
  C:/Ruby187/lib/ruby/1.8/webrick/server.rb:23:in `start'
  C:/Ruby187/lib/ruby/1.8/webrick/server.rb:82:in `start'

Rendered rescues/_trace (17.0ms)
Rendered rescues/_request_and_response (0.0ms)
Rendering rescues/layout (internal_server_error)
  [4;36;1mSQL (0.5ms)[0m   [0;1mSET NAMES 'utf8'[0m
  [4;35;1mSQL (1.0ms)[0m   [0mSET SQL_AUTO_IS_NULL=0[0m


Processing ActionController::Base#index (for 127.0.0.1 at 2015-10-14 13:22:42) [GET]

NameError (uninitialized constant ApplicationController::AuthenticatedSystem):
  app/controllers/application_controller.rb:7
  app/controllers/home_controller.rb:1
  C:/Ruby187/lib/ruby/1.8/webrick/httpserver.rb:104:in `service'
  C:/Ruby187/lib/ruby/1.8/webrick/httpserver.rb:65:in `run'
  C:/Ruby187/lib/ruby/1.8/webrick/server.rb:173:in `start_thread'
  C:/Ruby187/lib/ruby/1.8/webrick/server.rb:162:in `start'
  C:/Ruby187/lib/ruby/1.8/webrick/server.rb:162:in `start_thread'
  C:/Ruby187/lib/ruby/1.8/webrick/server.rb:95:in `start'
  C:/Ruby187/lib/ruby/1.8/webrick/server.rb:92:in `each'
  C:/Ruby187/lib/ruby/1.8/webrick/server.rb:92:in `start'
  C:/Ruby187/lib/ruby/1.8/webrick/server.rb:23:in `start'
  C:/Ruby187/lib/ruby/1.8/webrick/server.rb:82:in `start'

Rendered rescues/_trace (23.0ms)
Rendered rescues/_request_and_response (1.0ms)
Rendering rescues/layout (internal_server_error)
  [4;36;1mSQL (1.0ms)[0m   [0;1mSET NAMES 'utf8'[0m
  [4;35;1mSQL (0.8ms)[0m   [0mSET SQL_AUTO_IS_NULL=0[0m


Processing ActionController::Base#index (for 127.0.0.1 at 2015-10-14 13:22:42) [GET]

NameError (uninitialized constant ApplicationController::AuthenticatedSystem):
  app/controllers/application_controller.rb:7
  app/controllers/home_controller.rb:1
  C:/Ruby187/lib/ruby/1.8/webrick/httpserver.rb:104:in `service'
  C:/Ruby187/lib/ruby/1.8/webrick/httpserver.rb:65:in `run'
  C:/Ruby187/lib/ruby/1.8/webrick/server.rb:173:in `start_thread'
  C:/Ruby187/lib/ruby/1.8/webrick/server.rb:162:in `start'
  C:/Ruby187/lib/ruby/1.8/webrick/server.rb:162:in `start_thread'
  C:/Ruby187/lib/ruby/1.8/webrick/server.rb:95:in `start'
  C:/Ruby187/lib/ruby/1.8/webrick/server.rb:92:in `each'
  C:/Ruby187/lib/ruby/1.8/webrick/server.rb:92:in `start'
  C:/Ruby187/lib/ruby/1.8/webrick/server.rb:23:in `start'
  C:/Ruby187/lib/ruby/1.8/webrick/server.rb:82:in `start'

Rendered rescues/_trace (15.5ms)
Rendered rescues/_request_and_response (0.0ms)
Rendering rescues/layout (internal_server_error)
  [4;36;1mSQL (0.5ms)[0m   [0;1mSET NAMES 'utf8'[0m
  [4;35;1mSQL (0.6ms)[0m   [0mSET SQL_AUTO_IS_NULL=0[0m


Processing ActionController::Base#index (for 127.0.0.1 at 2015-10-14 13:22:43) [GET]

NameError (uninitialized constant ApplicationController::AuthenticatedSystem):
  app/controllers/application_controller.rb:7
  app/controllers/home_controller.rb:1
  C:/Ruby187/lib/ruby/1.8/webrick/httpserver.rb:104:in `service'
  C:/Ruby187/lib/ruby/1.8/webrick/httpserver.rb:65:in `run'
  C:/Ruby187/lib/ruby/1.8/webrick/server.rb:173:in `start_thread'
  C:/Ruby187/lib/ruby/1.8/webrick/server.rb:162:in `start'
  C:/Ruby187/lib/ruby/1.8/webrick/server.rb:162:in `start_thread'
  C:/Ruby187/lib/ruby/1.8/webrick/server.rb:95:in `start'
  C:/Ruby187/lib/ruby/1.8/webrick/server.rb:92:in `each'
  C:/Ruby187/lib/ruby/1.8/webrick/server.rb:92:in `start'
  C:/Ruby187/lib/ruby/1.8/webrick/server.rb:23:in `start'
  C:/Ruby187/lib/ruby/1.8/webrick/server.rb:82:in `start'

Rendered rescues/_trace (15.5ms)
Rendered rescues/_request_and_response (1.0ms)
Rendering rescues/layout (internal_server_error)
  [4;36;1mSQL (0.0ms)[0m   [0;1mSET NAMES 'utf8'[0m
  [4;35;1mSQL (1.0ms)[0m   [0mSET SQL_AUTO_IS_NULL=0[0m


Processing ActionController::Base#index (for 127.0.0.1 at 2015-10-14 13:22:43) [GET]

NameError (uninitialized constant ApplicationController::AuthenticatedSystem):
  app/controllers/application_controller.rb:7
  app/controllers/home_controller.rb:1
  C:/Ruby187/lib/ruby/1.8/webrick/httpserver.rb:104:in `service'
  C:/Ruby187/lib/ruby/1.8/webrick/httpserver.rb:65:in `run'
  C:/Ruby187/lib/ruby/1.8/webrick/server.rb:173:in `start_thread'
  C:/Ruby187/lib/ruby/1.8/webrick/server.rb:162:in `start'
  C:/Ruby187/lib/ruby/1.8/webrick/server.rb:162:in `start_thread'
  C:/Ruby187/lib/ruby/1.8/webrick/server.rb:95:in `start'
  C:/Ruby187/lib/ruby/1.8/webrick/server.rb:92:in `each'
  C:/Ruby187/lib/ruby/1.8/webrick/server.rb:92:in `start'
  C:/Ruby187/lib/ruby/1.8/webrick/server.rb:23:in `start'
  C:/Ruby187/lib/ruby/1.8/webrick/server.rb:82:in `start'

Rendered rescues/_trace (24.0ms)
Rendered rescues/_request_and_response (0.0ms)
Rendering rescues/layout (internal_server_error)
  [4;36;1mSQL (0.6ms)[0m   [0;1mSET NAMES 'utf8'[0m
  [4;35;1mSQL (1.0ms)[0m   [0mSET SQL_AUTO_IS_NULL=0[0m


Processing ActionController::Base#index (for 127.0.0.1 at 2015-10-14 13:22:43) [GET]

NameError (uninitialized constant ApplicationController::AuthenticatedSystem):
  app/controllers/application_controller.rb:7
  app/controllers/home_controller.rb:1
  C:/Ruby187/lib/ruby/1.8/webrick/httpserver.rb:104:in `service'
  C:/Ruby187/lib/ruby/1.8/webrick/httpserver.rb:65:in `run'
  C:/Ruby187/lib/ruby/1.8/webrick/server.rb:173:in `start_thread'
  C:/Ruby187/lib/ruby/1.8/webrick/server.rb:162:in `start'
  C:/Ruby187/lib/ruby/1.8/webrick/server.rb:162:in `start_thread'
  C:/Ruby187/lib/ruby/1.8/webrick/server.rb:95:in `start'
  C:/Ruby187/lib/ruby/1.8/webrick/server.rb:92:in `each'
  C:/Ruby187/lib/ruby/1.8/webrick/server.rb:92:in `start'
  C:/Ruby187/lib/ruby/1.8/webrick/server.rb:23:in `start'
  C:/Ruby187/lib/ruby/1.8/webrick/server.rb:82:in `start'

Rendered rescues/_trace (48.5ms)
Rendered rescues/_request_and_response (0.0ms)
Rendering rescues/layout (internal_server_error)
  [4;36;1mSQL (0.0ms)[0m   [0;1mSET NAMES 'utf8'[0m
  [4;35;1mSQL (1.0ms)[0m   [0mSET SQL_AUTO_IS_NULL=0[0m


Processing ActionController::Base#index (for 127.0.0.1 at 2015-10-14 13:22:43) [GET]

NameError (uninitialized constant ApplicationController::AuthenticatedSystem):
  app/controllers/application_controller.rb:7
  app/controllers/home_controller.rb:1
  C:/Ruby187/lib/ruby/1.8/webrick/httpserver.rb:104:in `service'
  C:/Ruby187/lib/ruby/1.8/webrick/httpserver.rb:65:in `run'
  C:/Ruby187/lib/ruby/1.8/webrick/server.rb:173:in `start_thread'
  C:/Ruby187/lib/ruby/1.8/webrick/server.rb:162:in `start'
  C:/Ruby187/lib/ruby/1.8/webrick/server.rb:162:in `start_thread'
  C:/Ruby187/lib/ruby/1.8/webrick/server.rb:95:in `start'
  C:/Ruby187/lib/ruby/1.8/webrick/server.rb:92:in `each'
  C:/Ruby187/lib/ruby/1.8/webrick/server.rb:92:in `start'
  C:/Ruby187/lib/ruby/1.8/webrick/server.rb:23:in `start'
  C:/Ruby187/lib/ruby/1.8/webrick/server.rb:82:in `start'

Rendered rescues/_trace (30.0ms)
Rendered rescues/_request_and_response (0.0ms)
Rendering rescues/layout (internal_server_error)
  [4;36;1mSQL (1.0ms)[0m   [0;1mSET NAMES 'utf8'[0m
  [4;35;1mSQL (0.0ms)[0m   [0mSET SQL_AUTO_IS_NULL=0[0m


Processing ActionController::Base#index (for 127.0.0.1 at 2015-10-14 13:22:43) [GET]

NameError (uninitialized constant ApplicationController::AuthenticatedSystem):
  app/controllers/application_controller.rb:7
  app/controllers/home_controller.rb:1
  C:/Ruby187/lib/ruby/1.8/webrick/httpserver.rb:104:in `service'
  C:/Ruby187/lib/ruby/1.8/webrick/httpserver.rb:65:in `run'
  C:/Ruby187/lib/ruby/1.8/webrick/server.rb:173:in `start_thread'
  C:/Ruby187/lib/ruby/1.8/webrick/server.rb:162:in `start'
  C:/Ruby187/lib/ruby/1.8/webrick/server.rb:162:in `start_thread'
  C:/Ruby187/lib/ruby/1.8/webrick/server.rb:95:in `start'
  C:/Ruby187/lib/ruby/1.8/webrick/server.rb:92:in `each'
  C:/Ruby187/lib/ruby/1.8/webrick/server.rb:92:in `start'
  C:/Ruby187/lib/ruby/1.8/webrick/server.rb:23:in `start'
  C:/Ruby187/lib/ruby/1.8/webrick/server.rb:82:in `start'

Rendered rescues/_trace (39.0ms)
Rendered rescues/_request_and_response (0.5ms)
Rendering rescues/layout (internal_server_error)
  [4;36;1mSQL (1.0ms)[0m   [0;1mSET NAMES 'utf8'[0m
  [4;35;1mSQL (1.0ms)[0m   [0mSET SQL_AUTO_IS_NULL=0[0m


Processing ActionController::Base#index (for 127.0.0.1 at 2015-10-14 13:22:43) [GET]

NameError (uninitialized constant ApplicationController::AuthenticatedSystem):
  app/controllers/application_controller.rb:7
  app/controllers/home_controller.rb:1
  C:/Ruby187/lib/ruby/1.8/webrick/httpserver.rb:104:in `service'
  C:/Ruby187/lib/ruby/1.8/webrick/httpserver.rb:65:in `run'
  C:/Ruby187/lib/ruby/1.8/webrick/server.rb:173:in `start_thread'
  C:/Ruby187/lib/ruby/1.8/webrick/server.rb:162:in `start'
  C:/Ruby187/lib/ruby/1.8/webrick/server.rb:162:in `start_thread'
  C:/Ruby187/lib/ruby/1.8/webrick/server.rb:95:in `start'
  C:/Ruby187/lib/ruby/1.8/webrick/server.rb:92:in `each'
  C:/Ruby187/lib/ruby/1.8/webrick/server.rb:92:in `start'
  C:/Ruby187/lib/ruby/1.8/webrick/server.rb:23:in `start'
  C:/Ruby187/lib/ruby/1.8/webrick/server.rb:82:in `start'

Rendered rescues/_trace (78.6ms)
Rendered rescues/_request_and_response (0.0ms)
Rendering rescues/layout (internal_server_error)
  [4;36;1mSQL (0.0ms)[0m   [0;1mSET NAMES 'utf8'[0m
  [4;35;1mSQL (1.0ms)[0m   [0mSET SQL_AUTO_IS_NULL=0[0m


Processing HomeController#index (for 127.0.0.1 at 2015-10-14 13:24:05) [GET]

NoMethodError (undefined method `login_required' for #<HomeController:0xa5f4170>):
  C:/Ruby187/lib/ruby/1.8/webrick/httpserver.rb:104:in `service'
  C:/Ruby187/lib/ruby/1.8/webrick/httpserver.rb:65:in `run'
  C:/Ruby187/lib/ruby/1.8/webrick/server.rb:173:in `start_thread'
  C:/Ruby187/lib/ruby/1.8/webrick/server.rb:162:in `start'
  C:/Ruby187/lib/ruby/1.8/webrick/server.rb:162:in `start_thread'
  C:/Ruby187/lib/ruby/1.8/webrick/server.rb:95:in `start'
  C:/Ruby187/lib/ruby/1.8/webrick/server.rb:92:in `each'
  C:/Ruby187/lib/ruby/1.8/webrick/server.rb:92:in `start'
  C:/Ruby187/lib/ruby/1.8/webrick/server.rb:23:in `start'
  C:/Ruby187/lib/ruby/1.8/webrick/server.rb:82:in `start'

Rendered rescues/_trace (41.0ms)
Rendered rescues/_request_and_response (0.0ms)
Rendering rescues/layout (internal_server_error)
  [4;36;1mSQL (1.0ms)[0m   [0;1mSET NAMES 'utf8'[0m
  [4;35;1mSQL (0.0ms)[0m   [0mSET SQL_AUTO_IS_NULL=0[0m


Processing HomeController#index (for 127.0.0.1 at 2015-10-14 13:24:08) [GET]

NoMethodError (undefined method `login_required' for #<HomeController:0xd157e80>):
  C:/Ruby187/lib/ruby/1.8/webrick/httpserver.rb:104:in `service'
  C:/Ruby187/lib/ruby/1.8/webrick/httpserver.rb:65:in `run'
  C:/Ruby187/lib/ruby/1.8/webrick/server.rb:173:in `start_thread'
  C:/Ruby187/lib/ruby/1.8/webrick/server.rb:162:in `start'
  C:/Ruby187/lib/ruby/1.8/webrick/server.rb:162:in `start_thread'
  C:/Ruby187/lib/ruby/1.8/webrick/server.rb:95:in `start'
  C:/Ruby187/lib/ruby/1.8/webrick/server.rb:92:in `each'
  C:/Ruby187/lib/ruby/1.8/webrick/server.rb:92:in `start'
  C:/Ruby187/lib/ruby/1.8/webrick/server.rb:23:in `start'
  C:/Ruby187/lib/ruby/1.8/webrick/server.rb:82:in `start'

Rendered rescues/_trace (21.0ms)
Rendered rescues/_request_and_response (0.0ms)
Rendering rescues/layout (internal_server_error)
  [4;36;1mSQL (1.3ms)[0m   [0;1mSET NAMES 'utf8'[0m
  [4;35;1mSQL (0.8ms)[0m   [0mSET SQL_AUTO_IS_NULL=0[0m


Processing HomeController#index (for 127.0.0.1 at 2015-10-14 13:24:30) [GET]

NoMethodError (undefined method `login_required' for #<HomeController:0xa569f18>):
  C:/Ruby187/lib/ruby/1.8/webrick/httpserver.rb:104:in `service'
  C:/Ruby187/lib/ruby/1.8/webrick/httpserver.rb:65:in `run'
  C:/Ruby187/lib/ruby/1.8/webrick/server.rb:173:in `start_thread'
  C:/Ruby187/lib/ruby/1.8/webrick/server.rb:162:in `start'
  C:/Ruby187/lib/ruby/1.8/webrick/server.rb:162:in `start_thread'
  C:/Ruby187/lib/ruby/1.8/webrick/server.rb:95:in `start'
  C:/Ruby187/lib/ruby/1.8/webrick/server.rb:92:in `each'
  C:/Ruby187/lib/ruby/1.8/webrick/server.rb:92:in `start'
  C:/Ruby187/lib/ruby/1.8/webrick/server.rb:23:in `start'
  C:/Ruby187/lib/ruby/1.8/webrick/server.rb:82:in `start'

Rendered rescues/_trace (34.0ms)
Rendered rescues/_request_and_response (1.0ms)
Rendering rescues/layout (internal_server_error)
  [4;36;1mSQL (0.7ms)[0m   [0;1mSET NAMES 'utf8'[0m
  [4;35;1mSQL (0.5ms)[0m   [0mSET SQL_AUTO_IS_NULL=0[0m


Processing HomeController#index (for 127.0.0.1 at 2015-10-14 13:26:11) [GET]

NoMethodError (undefined method `login_required' for #<HomeController:0xa5ef5f8>):
  C:/Ruby187/lib/ruby/1.8/webrick/httpserver.rb:104:in `service'
  C:/Ruby187/lib/ruby/1.8/webrick/httpserver.rb:65:in `run'
  C:/Ruby187/lib/ruby/1.8/webrick/server.rb:173:in `start_thread'
  C:/Ruby187/lib/ruby/1.8/webrick/server.rb:162:in `start'
  C:/Ruby187/lib/ruby/1.8/webrick/server.rb:162:in `start_thread'
  C:/Ruby187/lib/ruby/1.8/webrick/server.rb:95:in `start'
  C:/Ruby187/lib/ruby/1.8/webrick/server.rb:92:in `each'
  C:/Ruby187/lib/ruby/1.8/webrick/server.rb:92:in `start'
  C:/Ruby187/lib/ruby/1.8/webrick/server.rb:23:in `start'
  C:/Ruby187/lib/ruby/1.8/webrick/server.rb:82:in `start'

Rendered rescues/_trace (41.5ms)
Rendered rescues/_request_and_response (0.5ms)
Rendering rescues/layout (internal_server_error)
  [4;36;1mSQL (0.0ms)[0m   [0;1mSET NAMES 'utf8'[0m
  [4;35;1mSQL (1.0ms)[0m   [0mSET SQL_AUTO_IS_NULL=0[0m


Processing HomeController#index (for 127.0.0.1 at 2015-10-14 13:26:13) [GET]

NoMethodError (undefined method `login_required' for #<HomeController:0xcf0f7b0>):
  C:/Ruby187/lib/ruby/1.8/webrick/httpserver.rb:104:in `service'
  C:/Ruby187/lib/ruby/1.8/webrick/httpserver.rb:65:in `run'
  C:/Ruby187/lib/ruby/1.8/webrick/server.rb:173:in `start_thread'
  C:/Ruby187/lib/ruby/1.8/webrick/server.rb:162:in `start'
  C:/Ruby187/lib/ruby/1.8/webrick/server.rb:162:in `start_thread'
  C:/Ruby187/lib/ruby/1.8/webrick/server.rb:95:in `start'
  C:/Ruby187/lib/ruby/1.8/webrick/server.rb:92:in `each'
  C:/Ruby187/lib/ruby/1.8/webrick/server.rb:92:in `start'
  C:/Ruby187/lib/ruby/1.8/webrick/server.rb:23:in `start'
  C:/Ruby187/lib/ruby/1.8/webrick/server.rb:82:in `start'

Rendered rescues/_trace (21.0ms)
Rendered rescues/_request_and_response (0.0ms)
Rendering rescues/layout (internal_server_error)
  [4;36;1mSQL (1.0ms)[0m   [0;1mSET NAMES 'utf8'[0m
  [4;35;1mSQL (2.0ms)[0m   [0mSET SQL_AUTO_IS_NULL=0[0m


Processing HomeController#index (for 127.0.0.1 at 2015-10-14 13:28:25) [GET]
  [4;36;1mUser Load (1.0ms)[0m   [0;1mSELECT * FROM `users` WHERE (login = 'user' and activated_at IS NOT NULL) LIMIT 1[0m
Redirected to http://localhost:3000/session/new
Filter chain halted as [:login_required] rendered_or_redirected.
Completed in 88ms (DB: 4) | 302 Found [http://localhost/]
  [4;35;1mSQL (0.0ms)[0m   [0mSET NAMES 'utf8'[0m
  [4;36;1mSQL (0.0ms)[0m   [0;1mSET SQL_AUTO_IS_NULL=0[0m


Processing SessionsController#new (for 127.0.0.1 at 2015-10-14 13:28:25) [GET]
Rendering sessions/new
  [4;35;1mUser Load (1.0ms)[0m   [0mSELECT * FROM `users` WHERE (login = 'user' and activated_at IS NOT NULL) LIMIT 1[0m
Rendered users/_user_bar (11.0ms)
Completed in 23ms (View: 20, DB: 1) | 200 OK [http://localhost/session/new]
  [4;36;1mSQL (0.7ms)[0m   [0;1mSET NAMES 'utf8'[0m
  [4;35;1mSQL (0.0ms)[0m   [0mSET SQL_AUTO_IS_NULL=0[0m


Processing UsersController#new (for 127.0.0.1 at 2015-10-14 13:28:34) [GET]
  [4;36;1mUser Columns (1.0ms)[0m   [0;1mSHOW FIELDS FROM `users`[0m
Rendering users/new
Completed in 26042ms (View: 222, DB: 2) | 200 OK [http://localhost/signup]
  [4;35;1mSQL (1.0ms)[0m   [0mSET NAMES 'utf8'[0m
  [4;36;1mSQL (1.0ms)[0m   [0;1mSET SQL_AUTO_IS_NULL=0[0m


Processing UsersController#new (for 127.0.0.1 at 2015-10-14 13:29:25) [GET]
  [4;35;1mUser Columns (1.0ms)[0m   [0mSHOW FIELDS FROM `users`[0m
Rendering users/new
Completed in 24218ms (View: 246, DB: 3) | 200 OK [http://localhost/signup]
  [4;36;1mSQL (1.6ms)[0m   [0;1mSET NAMES 'utf8'[0m
  [4;35;1mSQL (0.0ms)[0m   [0mSET SQL_AUTO_IS_NULL=0[0m


Processing UsersController#create (for 127.0.0.1 at 2015-10-14 13:31:42) [POST]
  Parameters: {"commit"=>"Sign up", "user"=>{"login"=>"gabriel", "password"=>"gabriel", "email"=>"gabriel@poderjudicial.com", "persona_id"=>"0094a69b-ad20-4508-8658-97f7d87b4f36", "password_confirmation"=>"gabriel"}, "authenticity_token"=>"BrbXtwTJvmx7gmxuygZ56eiGnQMajFkqgmFgDIy0+FA="}
  [4;36;1mUser Columns (1.0ms)[0m   [0;1mSHOW FIELDS FROM `users`[0m
  [4;35;1mSQL (1.6ms)[0m   [0mBEGIN[0m
  [4;36;1mUser Load (1.1ms)[0m   [0;1mSELECT `users`.id FROM `users` WHERE (`users`.`login` = BINARY 'gabriel') LIMIT 1[0m
  [4;35;1mUser Load (0.0ms)[0m   [0mSELECT `users`.id FROM `users` WHERE (`users`.`email` = BINARY 'gabriel@poderjudicial.com') LIMIT 1[0m
  [4;36;1mUser Create (1.0ms)[0m   [0;1mINSERT INTO `users` (`login`, `activated_at`, `salt`, `remember_token_expires_at`, `activation_code`, `persona_id`, `name`, `email`, `updated_at`, `created_at`, `crypted_password`, `remember_token`) VALUES('gabriel', '2015-10-14 19:31:42', 'ea0131c13d61b2330e75deae85b6094e5942f96a', NULL, '0a285bf22ddb46c5d5d30aa4332d8a6f69a8fe44', '0094a69b-ad20-4508-8658-97f7d87b4f36', '', 'gabriel@poderjudicial.com', '2015-10-14 19:31:42', '2015-10-14 19:31:42', '7565a86cd304343d16a2f9461cdc691b3fc7db23', NULL)[0m
  [4;35;1mSQL (37.7ms)[0m   [0mCOMMIT[0m
Redirected to http://localhost:3000/
Completed in 86ms (DB: 44) | 302 Found [http://localhost/users]
  [4;36;1mSQL (0.5ms)[0m   [0;1mSET NAMES 'utf8'[0m
  [4;35;1mSQL (1.0ms)[0m   [0mSET SQL_AUTO_IS_NULL=0[0m


Processing HomeController#index (for 127.0.0.1 at 2015-10-14 13:31:42) [GET]
  [4;36;1mUser Load (1.1ms)[0m   [0;1mSELECT * FROM `users` WHERE (login = 'user' and activated_at IS NOT NULL) LIMIT 1[0m
Redirected to http://localhost:3000/session/new
Filter chain halted as [:login_required] rendered_or_redirected.
Completed in 10ms (DB: 3) | 302 Found [http://localhost/]
  [4;35;1mSQL (0.5ms)[0m   [0mSET NAMES 'utf8'[0m
  [4;36;1mSQL (0.5ms)[0m   [0;1mSET SQL_AUTO_IS_NULL=0[0m


Processing SessionsController#new (for 127.0.0.1 at 2015-10-14 13:31:43) [GET]
Rendering sessions/new
  [4;35;1mUser Load (0.9ms)[0m   [0mSELECT * FROM `users` WHERE (login = 'user' and activated_at IS NOT NULL) LIMIT 1[0m
Rendered users/_user_bar (9.0ms)
Completed in 12ms (View: 11, DB: 2) | 200 OK [http://localhost/session/new]
  [4;36;1mSQL (0.5ms)[0m   [0;1mSET NAMES 'utf8'[0m
  [4;35;1mSQL (0.5ms)[0m   [0mSET SQL_AUTO_IS_NULL=0[0m


Processing SessionsController#create (for 127.0.0.1 at 2015-10-14 13:31:48) [POST]
  Parameters: {"login"=>"gabriel", "commit"=>"Log in", "authenticity_token"=>"BrbXtwTJvmx7gmxuygZ56eiGnQMajFkqgmFgDIy0+FA=", "password"=>"gabriel"}
  [4;36;1mUser Load (1.0ms)[0m   [0;1mSELECT * FROM `users` WHERE (login = 'gabriel' and activated_at IS NOT NULL) LIMIT 1[0m
  [4;35;1mUser Columns (0.9ms)[0m   [0mSHOW FIELDS FROM `users`[0m
  [4;36;1mSQL (1.0ms)[0m   [0;1mBEGIN[0m
  [4;35;1mSQL (1.0ms)[0m   [0mCOMMIT[0m
Redirected to http://localhost:3000/
Completed in 17ms (DB: 5) | 302 Found [http://localhost/session]
  [4;36;1mSQL (1.0ms)[0m   [0;1mSET NAMES 'utf8'[0m
  [4;35;1mSQL (1.5ms)[0m   [0mSET SQL_AUTO_IS_NULL=0[0m


Processing HomeController#index (for 127.0.0.1 at 2015-10-14 13:31:49) [GET]
  [4;36;1mUser Columns (1.0ms)[0m   [0;1mSHOW FIELDS FROM `users`[0m
  [4;35;1mUser Load (1.1ms)[0m   [0mSELECT * FROM `users` WHERE (`users`.`id` = 2) LIMIT 1[0m
Rendering home/index
Completed in 36ms (View: 4, DB: 5) | 200 OK [http://localhost/]
  [4;36;1mSQL (1.0ms)[0m   [0;1mSET NAMES 'utf8'[0m
  [4;35;1mSQL (2.0ms)[0m   [0mSET SQL_AUTO_IS_NULL=0[0m


Processing PersonasController#index (for 127.0.0.1 at 2015-10-14 13:32:03) [GET]
Rendering personas/index
Completed in 28913ms (View: 5074, DB: 3) | 200 OK [http://localhost/personas]
  [4;36;1mSQL (1.0ms)[0m   [0;1mSET NAMES 'utf8'[0m
  [4;35;1mSQL (0.0ms)[0m   [0mSET SQL_AUTO_IS_NULL=0[0m


Processing HomeController#index (for 127.0.0.1 at 2015-10-14 13:47:32) [GET]
  [4;36;1mUser Columns (1.6ms)[0m   [0;1mSHOW FIELDS FROM `users`[0m
  [4;35;1mUser Load (1.0ms)[0m   [0mSELECT * FROM `users` WHERE (`users`.`id` = 2) LIMIT 1[0m
Rendering home/index
Completed in 481ms (View: 451, DB: 4) | 200 OK [http://localhost/home]
  [4;36;1mSQL (1.0ms)[0m   [0;1mSET NAMES 'utf8'[0m
  [4;35;1mSQL (1.0ms)[0m   [0mSET SQL_AUTO_IS_NULL=0[0m


Processing SessionsController#destroy (for 127.0.0.1 at 2015-10-14 13:47:39) [GET]
Redirected to http://localhost:3000/
Completed in 7ms (DB: 2) | 302 Found [http://localhost/logout]
  [4;36;1mSQL (0.8ms)[0m   [0;1mSET NAMES 'utf8'[0m
  [4;35;1mSQL (0.5ms)[0m   [0mSET SQL_AUTO_IS_NULL=0[0m


Processing HomeController#index (for 127.0.0.1 at 2015-10-14 13:47:42) [GET]
  [4;36;1mUser Load (1.0ms)[0m   [0;1mSELECT * FROM `users` WHERE (login = 'user' and activated_at IS NOT NULL) LIMIT 1[0m
Redirected to http://localhost:3000/session/new
Filter chain halted as [:login_required] rendered_or_redirected.
Completed in 20ms (DB: 2) | 302 Found [http://localhost/]
  [4;35;1mSQL (1.0ms)[0m   [0mSET NAMES 'utf8'[0m
  [4;36;1mSQL (0.0ms)[0m   [0;1mSET SQL_AUTO_IS_NULL=0[0m


Processing SessionsController#new (for 127.0.0.1 at 2015-10-14 13:47:43) [GET]
Rendering sessions/new
  [4;35;1mUser Load (1.4ms)[0m   [0mSELECT * FROM `users` WHERE (login = 'user' and activated_at IS NOT NULL) LIMIT 1[0m
Rendered users/_user_bar (10.0ms)
Completed in 17ms (View: 15, DB: 2) | 200 OK [http://localhost/session/new]
  [4;36;1mSQL (1.0ms)[0m   [0;1mSET NAMES 'utf8'[0m
  [4;35;1mSQL (1.5ms)[0m   [0mSET SQL_AUTO_IS_NULL=0[0m


Processing HomeController#index (for 127.0.0.1 at 2015-10-14 14:59:35) [GET]
  [4;36;1mUser Load (1.0ms)[0m   [0;1mSELECT * FROM `users` WHERE (login = 'user' and activated_at IS NOT NULL) LIMIT 1[0m
Redirected to http://localhost:3000/session/new
Filter chain halted as [:login_required] rendered_or_redirected.
Completed in 66ms (DB: 4) | 302 Found [http://localhost/home]
  [4;35;1mSQL (0.0ms)[0m   [0mSET NAMES 'utf8'[0m
  [4;36;1mSQL (0.0ms)[0m   [0;1mSET SQL_AUTO_IS_NULL=0[0m


Processing SessionsController#new (for 127.0.0.1 at 2015-10-14 14:59:35) [GET]
Rendering sessions/new
  [4;35;1mUser Load (1.0ms)[0m   [0mSELECT * FROM `users` WHERE (login = 'user' and activated_at IS NOT NULL) LIMIT 1[0m
Rendered users/_user_bar (12.0ms)
Completed in 57ms (View: 54, DB: 1) | 200 OK [http://localhost/session/new]
  [4;36;1mSQL (0.5ms)[0m   [0;1mSET NAMES 'utf8'[0m
  [4;35;1mSQL (1.0ms)[0m   [0mSET SQL_AUTO_IS_NULL=0[0m


Processing SessionsController#create (for 127.0.0.1 at 2015-10-14 15:02:03) [POST]
  Parameters: {"login"=>"gabriel", "password"=>"gabriel", "commit"=>"Log in", "authenticity_token"=>"eAbM+sbE9RKyD7YmlfF/4ZkAqIV8mhqlinihKRrnZeU="}
  [4;36;1mUser Load (1.0ms)[0m   [0;1mSELECT * FROM `users` WHERE (login = 'gabriel' and activated_at IS NOT NULL) LIMIT 1[0m
  [4;35;1mUser Columns (1.5ms)[0m   [0mSHOW FIELDS FROM `users`[0m
  [4;36;1mSQL (0.5ms)[0m   [0;1mBEGIN[0m
  [4;35;1mSQL (1.0ms)[0m   [0mCOMMIT[0m
Redirected to http://localhost:3000/home
Completed in 14ms (DB: 5) | 302 Found [http://localhost/session]
  [4;36;1mSQL (0.5ms)[0m   [0;1mSET NAMES 'utf8'[0m
  [4;35;1mSQL (1.0ms)[0m   [0mSET SQL_AUTO_IS_NULL=0[0m


Processing HomeController#index (for 127.0.0.1 at 2015-10-14 15:02:03) [GET]
  [4;36;1mUser Columns (1.0ms)[0m   [0;1mSHOW FIELDS FROM `users`[0m
  [4;35;1mUser Load (0.5ms)[0m   [0mSELECT * FROM `users` WHERE (`users`.`id` = 2) LIMIT 1[0m
Rendering home/index
Completed in 743ms (View: 701, DB: 3) | 200 OK [http://localhost/home]
  [4;36;1mSQL (1.5ms)[0m   [0;1mSET NAMES 'utf8'[0m
  [4;35;1mSQL (2.0ms)[0m   [0mSET SQL_AUTO_IS_NULL=0[0m


Processing SessionsController#new (for 127.0.0.1 at 2015-10-14 15:03:28) [GET]
Rendering sessions/new
  [4;36;1mUser Columns (1.0ms)[0m   [0;1mSHOW FIELDS FROM `users`[0m
  [4;35;1mUser Load (1.0ms)[0m   [0mSELECT * FROM `users` WHERE (`users`.`id` = 2) LIMIT 1[0m
Rendered users/_user_bar (39.0ms)
Completed in 42ms (View: 39, DB: 5) | 200 OK [http://localhost/login]
  [4;36;1mSQL (0.0ms)[0m   [0;1mSET NAMES 'utf8'[0m
  [4;35;1mSQL (1.6ms)[0m   [0mSET SQL_AUTO_IS_NULL=0[0m


Processing UsersController#show (for 127.0.0.1 at 2015-10-14 15:08:44) [GET]
  Parameters: {"id"=>"2"}

ActionController::UnknownAction (No action responded to show. Actions: activate, create, and new):
  C:/Ruby187/lib/ruby/1.8/webrick/httpserver.rb:104:in `service'
  C:/Ruby187/lib/ruby/1.8/webrick/httpserver.rb:65:in `run'
  C:/Ruby187/lib/ruby/1.8/webrick/server.rb:173:in `start_thread'
  C:/Ruby187/lib/ruby/1.8/webrick/server.rb:162:in `start'
  C:/Ruby187/lib/ruby/1.8/webrick/server.rb:162:in `start_thread'
  C:/Ruby187/lib/ruby/1.8/webrick/server.rb:95:in `start'
  C:/Ruby187/lib/ruby/1.8/webrick/server.rb:92:in `each'
  C:/Ruby187/lib/ruby/1.8/webrick/server.rb:92:in `start'
  C:/Ruby187/lib/ruby/1.8/webrick/server.rb:23:in `start'
  C:/Ruby187/lib/ruby/1.8/webrick/server.rb:82:in `start'

Rendering rescues/layout (not_found)
  [4;36;1mSQL (1.0ms)[0m   [0;1mSET NAMES 'utf8'[0m
  [4;35;1mSQL (1.0ms)[0m   [0mSET SQL_AUTO_IS_NULL=0[0m


Processing HomeController#index (for 127.0.0.1 at 2015-10-14 15:08:50) [GET]
  [4;36;1mUser Columns (1.0ms)[0m   [0;1mSHOW FIELDS FROM `users`[0m
  [4;35;1mUser Load (1.0ms)[0m   [0mSELECT * FROM `users` WHERE (`users`.`id` = 2) LIMIT 1[0m
Rendering home/index
Completed in 230ms (View: 219, DB: 4) | 200 OK [http://localhost/home]
  [4;36;1mSQL (0.6ms)[0m   [0;1mSET NAMES 'utf8'[0m
  [4;35;1mSQL (0.5ms)[0m   [0mSET SQL_AUTO_IS_NULL=0[0m


Processing PersonasController#index (for 127.0.0.1 at 2015-10-14 15:08:55) [GET]
Rendering personas/index
Completed in 28111ms (View: 5029, DB: 1) | 200 OK [http://localhost/personas]
  [4;36;1mSQL (1.0ms)[0m   [0;1mSET NAMES 'utf8'[0m
  [4;35;1mSQL (0.0ms)[0m   [0mSET SQL_AUTO_IS_NULL=0[0m


Processing PersonasController#edit (for 127.0.0.1 at 2015-10-14 15:09:28) [GET]
  Parameters: {"id"=>"0094a69b-ad20-4508-8658-97f7d87b4f36"}
Rendering personas/edit
Completed in 162ms (View: 28, DB: 1) | 200 OK [http://localhost/personas/0094a69b-ad20-4508-8658-97f7d87b4f36/edit]
  [4;36;1mSQL (1.3ms)[0m   [0;1mSET NAMES 'utf8'[0m
  [4;35;1mSQL (0.0ms)[0m   [0mSET SQL_AUTO_IS_NULL=0[0m


Processing PersonasController#show (for 127.0.0.1 at 2015-10-14 15:11:59) [GET]
  Parameters: {"id"=>"00e3ecfe-5f88-4930-8152-fcaf43a47eb2"}
Rendering personas/show
Completed in 156ms (View: 3, DB: 1) | 200 OK [http://localhost/personas/00e3ecfe-5f88-4930-8152-fcaf43a47eb2]
  [4;36;1mSQL (1.0ms)[0m   [0;1mSET NAMES 'utf8'[0m
  [4;35;1mSQL (1.0ms)[0m   [0mSET SQL_AUTO_IS_NULL=0[0m


Processing PersonasController#show (for 127.0.0.1 at 2015-10-14 15:15:50) [GET]
  Parameters: {"id"=>"00e3ecfe-5f88-4930-8152-fcaf43a47eb2"}
Rendering personas/show
Completed in 157ms (View: 5, DB: 2) | 200 OK [http://localhost/personas/00e3ecfe-5f88-4930-8152-fcaf43a47eb2]
  [4;36;1mSQL (1.0ms)[0m   [0;1mSET NAMES 'utf8'[0m
  [4;35;1mSQL (1.0ms)[0m   [0mSET SQL_AUTO_IS_NULL=0[0m


Processing PersonasController#show (for 127.0.0.1 at 2015-10-14 15:16:14) [GET]
  Parameters: {"id"=>"00e3ecfe-5f88-4930-8152-fcaf43a47eb2"}
Rendering personas/show
Completed in 135ms (View: 3, DB: 2) | 200 OK [http://localhost/personas/00e3ecfe-5f88-4930-8152-fcaf43a47eb2]
  [4;36;1mSQL (1.0ms)[0m   [0;1mSET NAMES 'utf8'[0m
  [4;35;1mSQL (1.0ms)[0m   [0mSET SQL_AUTO_IS_NULL=0[0m


Processing PersonasController#show (for 127.0.0.1 at 2015-10-14 15:16:41) [GET]
  Parameters: {"id"=>"00e3ecfe-5f88-4930-8152-fcaf43a47eb2"}
Rendering personas/show
Completed in 122ms (View: 5, DB: 2) | 200 OK [http://localhost/personas/00e3ecfe-5f88-4930-8152-fcaf43a47eb2]
  [4;36;1mSQL (1.3ms)[0m   [0;1mSET NAMES 'utf8'[0m
  [4;35;1mSQL (2.0ms)[0m   [0mSET SQL_AUTO_IS_NULL=0[0m
  [4;36;1mSQL (1.0ms)[0m   [0;1mSHOW TABLES[0m
  [4;35;1mSQL (1.0ms)[0m   [0mSELECT version FROM schema_migrations[0m
  [4;36;1mSQL (1.0ms)[0m   [0;1mSHOW TABLES[0m
  [4;35;1mSQL (1.1ms)[0m   [0mSELECT version FROM schema_migrations[0m
  [4;36;1mSQL (1.0ms)[0m   [0;1mSHOW TABLES[0m
  [4;35;1mSQL (1.6ms)[0m   [0mSELECT version FROM schema_migrations[0m
Migrating to CreateUsers (20151014162834)
  [4;36;1mSQL (43.4ms)[0m   [0;1mDROP TABLE `users`[0m
  [4;35;1mSQL (42.5ms)[0m   [0mDELETE FROM schema_migrations WHERE version = '20151014162834'[0m
Migrating to CreatePersonas (20151009163311)
  [4;36;1mSQL (35.5ms)[0m   [0;1mDROP TABLE IF EXISTS `pr_persona`;[0m
  [4;35;1mSQL (40.8ms)[0m   [0mDELETE FROM schema_migrations WHERE version = '20151009163311'[0m
  [4;36;1mSQL (1.0ms)[0m   [0;1mSHOW TABLES[0m
  [4;35;1mSQL (1.0ms)[0m   [0mSELECT version FROM schema_migrations[0m
  [4;36;1mSQL (1.0ms)[0m   [0;1mSHOW TABLES[0m
  [4;35;1mSQL (1.1ms)[0m   [0mSHOW FIELDS FROM `adscripcions`[0m
  [4;36;1mSQL (1.0ms)[0m   [0;1mdescribe `adscripcions`[0m
  [4;35;1mSQL (1.0ms)[0m   [0mSHOW KEYS FROM `adscripcions`[0m
  [4;36;1mSQL (1.1ms)[0m   [0;1mSHOW FIELDS FROM `municipios`[0m
  [4;35;1mSQL (0.0ms)[0m   [0mdescribe `municipios`[0m
  [4;36;1mSQL (1.0ms)[0m   [0;1mSHOW KEYS FROM `municipios`[0m
  [4;35;1mSQL (2.2ms)[0m   [0mSHOW FIELDS FROM `personas`[0m
  [4;36;1mSQL (0.9ms)[0m   [0;1mdescribe `personas`[0m
  [4;35;1mSQL (1.0ms)[0m   [0mSHOW KEYS FROM `personas`[0m
  [4;36;1mSQL (1.0ms)[0m   [0;1mSET NAMES 'utf8'[0m
  [4;35;1mSQL (1.0ms)[0m   [0mSET SQL_AUTO_IS_NULL=0[0m
  [4;36;1mSQL (1.0ms)[0m   [0;1mSHOW TABLES[0m
  [4;35;1mSQL (0.0ms)[0m   [0mSELECT version FROM schema_migrations[0m
  [4;36;1mSQL (0.0ms)[0m   [0;1mSHOW TABLES[0m
  [4;35;1mSQL (1.0ms)[0m   [0mSELECT version FROM schema_migrations[0m
  [4;36;1mSQL (1.0ms)[0m   [0;1mSHOW TABLES[0m
  [4;35;1mSQL (0.0ms)[0m   [0mSELECT version FROM schema_migrations[0m
Migrating to CreateUsers (20151014162834)
  [4;36;1mSQL (1.0ms)[0m   [0;1mSHOW TABLES[0m
  [4;35;1mSQL (0.5ms)[0m   [0mSELECT version FROM schema_migrations[0m
  [4;36;1mSQL (1.0ms)[0m   [0;1mSHOW TABLES[0m
  [4;35;1mSQL (1.5ms)[0m   [0mSHOW FIELDS FROM `adscripcions`[0m
  [4;36;1mSQL (1.6ms)[0m   [0;1mdescribe `adscripcions`[0m
  [4;35;1mSQL (0.4ms)[0m   [0mSHOW KEYS FROM `adscripcions`[0m
  [4;36;1mSQL (0.5ms)[0m   [0;1mSHOW FIELDS FROM `municipios`[0m
  [4;35;1mSQL (1.0ms)[0m   [0mdescribe `municipios`[0m
  [4;36;1mSQL (0.5ms)[0m   [0;1mSHOW KEYS FROM `municipios`[0m
  [4;35;1mSQL (1.5ms)[0m   [0mSHOW FIELDS FROM `personas`[0m
  [4;36;1mSQL (1.1ms)[0m   [0;1mdescribe `personas`[0m
  [4;35;1mSQL (1.0ms)[0m   [0mSHOW KEYS FROM `personas`[0m
  [4;36;1mSQL (1.0ms)[0m   [0;1mSET NAMES 'utf8'[0m
  [4;35;1mSQL (1.9ms)[0m   [0mSET SQL_AUTO_IS_NULL=0[0m
  [4;36;1mSQL (0.6ms)[0m   [0;1mSHOW TABLES[0m
  [4;35;1mSQL (1.0ms)[0m   [0mSELECT version FROM schema_migrations[0m
Migrating to CreatePersonas (20151009163311)
  [4;36;1mSQL (0.0ms)[0m   [0;1mMysql::Error: You have an error in your SQL syntax; check the manual that corresponds to your MySQL server version for the right syntax to use near 'CREATE TABLE `pr_persona` (
 `id_persona` char(36) COLLATE utf8_spanish2_' at line 3: DROP TABLE IF EXISTS `pr_persona`;

 CREATE TABLE `pr_persona` (
 `id_persona` char(36) COLLATE utf8_spanish2_ci NOT NULL COMMENT 'identificador unico de la persona',
 `per_paterno` varchar(100) COLLATE utf8_spanish2_ci DEFAULT NULL COMMENT 'apellido paterno',
 `per_materno` varchar(100) COLLATE utf8_spanish2_ci DEFAULT NULL COMMENT 'apellido materno',
 `per_nombre` varchar(100) COLLATE utf8_spanish2_ci DEFAULT NULL COMMENT 'nombre o razon social',
 `per_rfc` varchar(13) COLLATE utf8_spanish2_ci DEFAULT NULL COMMENT 'registro federal de contribuyentes',
 `per_curp` varchar(18) COLLATE utf8_spanish2_ci DEFAULT NULL COMMENT 'clave unica del registro de poblacion',
 `per_tipo` enum('FISICA','MORAL') COLLATE utf8_spanish2_ci DEFAULT NULL COMMENT 'tipo de persona ya sea fisica o moral',
 `per_elaboracion` datetime DEFAULT NULL COMMENT 'fecha de elaboracion del registro',
 `per_modificacion` datetime DEFAULT NULL COMMENT 'fecha de modificacion del registro',
 `per_activo_reg` tinyint(1) DEFAULT NULL COMMENT 'estado de la persona',
 `fk_usuario_alta` char(36) COLLATE utf8_spanish2_ci DEFAULT NULL COMMENT 'alta del usuario',
 `fk_usuario_modificacion` char(36) COLLATE utf8_spanish2_ci DEFAULT NULL COMMENT 'modificacion del usuario',
 `per_nacionalidad` int(11) DEFAULT NULL,
 `per_nacimiento` date DEFAULT NULL,
 PRIMARY KEY (`id_persona`)
 ) ENGINE=InnoDB DEFAULT CHARSET=utf8 COLLATE=utf8_spanish2_ci COMMENT='personas que realizan tramite en la institucion';
[0m
